INFO 日志名称 [2020-11-11 15:52:02,217] test_02_创建订单.py -> line:22 ========== 创建订单 测试用例开始执行 ==========
INFO 日志名称 [2020-11-11 15:52:05,861] base_page.py -> line:17 打开网址：http://47.93.37.55:81/#/login
INFO 日志名称 [2020-11-11 15:52:11,951] page_登录页.py -> line:47 --- 输入登录用户名: xxwbxln ---
INFO 日志名称 [2020-11-11 15:52:11,952] base_page.py -> line:27 等待元素：('xpath', '//input[@name="telephone"]') 可见
INFO 日志名称 [2020-11-11 15:52:12,977] base_page.py -> line:53 查找元素：('xpath', '//input[@name="telephone"]')
INFO 日志名称 [2020-11-11 15:52:13,065] page_登录页.py -> line:51 --- 输入登录密码: 123456 ---
INFO 日志名称 [2020-11-11 15:52:13,066] base_page.py -> line:27 等待元素：('xpath', '//input[@name="password"]') 可见
INFO 日志名称 [2020-11-11 15:52:14,090] base_page.py -> line:53 查找元素：('xpath', '//input[@name="password"]')
INFO 日志名称 [2020-11-11 15:52:14,208] page_登录页.py -> line:54 --- 等待手动输入验证码 ---
INFO 日志名称 [2020-11-11 15:52:24,209] page_登录页.py -> line:58 --- 点击登录按钮 ---
INFO 日志名称 [2020-11-11 15:52:24,209] base_page.py -> line:27 等待元素：('xpath', '//span[contains(text(),"立即登录")]/parent::button') 可见
INFO 日志名称 [2020-11-11 15:52:25,289] base_page.py -> line:53 查找元素：('xpath', '//span[contains(text(),"立即登录")]/parent::button')
INFO 日志名称 [2020-11-11 15:52:25,440] page_登录页.py -> line:60 --- 登录成功，进入首页 ---
INFO 日志名称 [2020-11-11 15:52:25,441] page_首页.py -> line:28 --- 点击供货管理 ---
INFO 日志名称 [2020-11-11 15:52:25,441] base_page.py -> line:27 等待元素：('xpath', '//span[text()="供货管理"]/parent::div') 可见
INFO 日志名称 [2020-11-11 15:52:27,510] base_page.py -> line:53 查找元素：('xpath', '//span[text()="供货管理"]/parent::div')
INFO 日志名称 [2020-11-11 15:52:27,647] page_首页.py -> line:34 --- 点击订单管理 ---
INFO 日志名称 [2020-11-11 15:52:27,648] base_page.py -> line:27 等待元素：('xpath', '//span[text()="订单管理"]/parent::li') 可见
INFO 日志名称 [2020-11-11 15:52:28,681] base_page.py -> line:53 查找元素：('xpath', '//span[text()="订单管理"]/parent::li')
INFO 日志名称 [2020-11-11 15:52:28,831] page_首页.py -> line:36 --- 进入订单管理页 ---
INFO 日志名称 [2020-11-11 15:52:28,831] page_订单管理页.py -> line:11 --- 点击创建订单按钮 ---
INFO 日志名称 [2020-11-11 15:52:28,832] base_page.py -> line:27 等待元素：('xpath', '//span[text()="创建"]/parent::button') 可见
INFO 日志名称 [2020-11-11 15:52:30,561] base_page.py -> line:53 查找元素：('xpath', '//span[text()="创建"]/parent::button')
INFO 日志名称 [2020-11-11 15:52:30,727] page_订单管理页.py -> line:13 --- 成功进入创建订单页面 ---
INFO 日志名称 [2020-11-11 15:52:30,727] page_创建订单页.py -> line:10 --- 选择采购类别：定价 ---
INFO 日志名称 [2020-11-11 15:52:30,727] base_page.py -> line:27 等待元素：('xpath', '//span/parent::label') 可见
INFO 日志名称 [2020-11-11 15:52:32,280] base_page.py -> line:69 查找元素：('xpath', '//span/parent::label')
INFO 日志名称 [2020-11-11 15:52:32,413] page_创建订单页.py -> line:23 --- 选择生产企业：天津市天重江天重工有限公司 ---
INFO 日志名称 [2020-11-11 15:52:32,413] base_page.py -> line:27 等待元素：('xpath', '//div[@class="zhe"]') 可见
INFO 日志名称 [2020-11-11 15:52:33,440] base_page.py -> line:53 查找元素：('xpath', '//div[@class="zhe"]')
INFO 日志名称 [2020-11-11 15:52:33,646] base_page.py -> line:27 等待元素：('xpath', '//tbody//tr/td[2]/div') 可见
INFO 日志名称 [2020-11-11 15:52:34,669] base_page.py -> line:69 查找元素：('xpath', '//tbody//tr/td[2]/div')
INFO 日志名称 [2020-11-11 15:52:35,073] page_创建订单页.py -> line:35 --- 选择生产企业后，点击确定 ---
INFO 日志名称 [2020-11-11 15:52:35,073] base_page.py -> line:27 等待元素：('xpath', '//span[text()="选择生产企业"]/parent::div/following-sibling::div//span[text()="确 定"]/parent::button') 可见
INFO 日志名称 [2020-11-11 15:52:36,095] base_page.py -> line:53 查找元素：('xpath', '//span[text()="选择生产企业"]/parent::div/following-sibling::div//span[text()="确 定"]/parent::button')
INFO 日志名称 [2020-11-11 15:52:36,255] base_page.py -> line:36 等待元素：('xpath', '//p[text()="请选择生产企业"]') 不可见
INFO 日志名称 [2020-11-11 15:52:37,272] page_创建订单页.py -> line:45 --- 选择生产企业成功 ---
INFO 日志名称 [2020-11-11 15:52:37,272] base_page.py -> line:27 等待元素：('xpath', '//span[contains(text(),"地址")]/following-sibling::div/input') 可见
INFO 日志名称 [2020-11-11 15:52:38,329] base_page.py -> line:53 查找元素：('xpath', '//span[contains(text(),"地址")]/following-sibling::div/input')
INFO 日志名称 [2020-11-11 15:52:38,402] base_page.py -> line:27 等待元素：('xpath', '//span[contains(text(),"地址")]/following-sibling::div/input') 可见
INFO 日志名称 [2020-11-11 15:52:39,456] base_page.py -> line:53 查找元素：('xpath', '//span[contains(text(),"地址")]/following-sibling::div/input')
INFO 日志名称 [2020-11-11 15:52:39,531] page_创建订单页.py -> line:55 --- 输入详细地址：详细地址信息 ---
INFO 日志名称 [2020-11-11 15:52:39,532] base_page.py -> line:27 等待元素：('xpath', '//span[contains(text(),"地址")]/following-sibling::div/input') 可见
INFO 日志名称 [2020-11-11 15:52:40,561] base_page.py -> line:53 查找元素：('xpath', '//span[contains(text(),"地址")]/following-sibling::div/input')
INFO 日志名称 [2020-11-11 15:52:40,800] page_创建订单页.py -> line:60 --- 选择料型 ---
INFO 日志名称 [2020-11-11 15:52:40,800] base_page.py -> line:27 等待元素：('xpath', '//span[contains(text(),"料型")]/following-sibling::div//input') 可见
INFO 日志名称 [2020-11-11 15:52:41,818] base_page.py -> line:53 查找元素：('xpath', '//span[contains(text(),"料型")]/following-sibling::div//input')
INFO 日志名称 [2020-11-11 15:52:41,975] page_创建订单页.py -> line:62 --- 选择板料 ---
INFO 日志名称 [2020-11-11 15:52:41,976] base_page.py -> line:27 等待元素：('xpath', '//span[text()="板料"]') 可见
INFO 日志名称 [2020-11-11 15:52:43,558] base_page.py -> line:53 查找元素：('xpath', '//span[text()="板料"]')
INFO 日志名称 [2020-11-11 15:52:43,637] page_创建订单页.py -> line:64 --- 选择一级 ---
INFO 日志名称 [2020-11-11 15:52:43,637] base_page.py -> line:27 等待元素：('xpath', '//span[text()="一级"]') 可见
INFO 日志名称 [2020-11-11 15:52:44,657] base_page.py -> line:53 查找元素：('xpath', '//span[text()="一级"]')
INFO 日志名称 [2020-11-11 15:52:44,809] page_创建订单页.py -> line:68 --- 输入规格：规格描述信息 ---
INFO 日志名称 [2020-11-11 15:52:44,810] base_page.py -> line:27 等待元素：('xpath', '//span[contains(text(),"规格")]/following-sibling::div/input') 可见
INFO 日志名称 [2020-11-11 15:52:45,844] base_page.py -> line:53 查找元素：('xpath', '//span[contains(text(),"规格")]/following-sibling::div/input')
INFO 日志名称 [2020-11-11 15:52:46,106] page_创建订单页.py -> line:72 --- 输入销售单价：2000 ---
INFO 日志名称 [2020-11-11 15:52:46,106] base_page.py -> line:27 等待元素：('xpath', '//span[contains(text(),"销售单价")]/following-sibling::div/input') 可见
INFO 日志名称 [2020-11-11 15:52:47,124] base_page.py -> line:53 查找元素：('xpath', '//span[contains(text(),"销售单价")]/following-sibling::div/input')
INFO 日志名称 [2020-11-11 15:52:47,313] page_创建订单页.py -> line:76 --- 输入采购单价：1500 ---
INFO 日志名称 [2020-11-11 15:52:47,313] base_page.py -> line:27 等待元素：('xpath', '//span[contains(text(),"采购单价")]/following-sibling::div/input') 可见
INFO 日志名称 [2020-11-11 15:52:48,332] base_page.py -> line:53 查找元素：('xpath', '//span[contains(text(),"采购单价")]/following-sibling::div/input')
INFO 日志名称 [2020-11-11 15:52:48,547] page_创建订单页.py -> line:80 --- 输入采购数量：500 ---
INFO 日志名称 [2020-11-11 15:52:48,548] base_page.py -> line:27 等待元素：('xpath', '//span[contains(text(),"采购数量")]/following-sibling::div/input') 可见
INFO 日志名称 [2020-11-11 15:52:49,569] base_page.py -> line:53 查找元素：('xpath', '//span[contains(text(),"采购数量")]/following-sibling::div/input')
INFO 日志名称 [2020-11-11 15:52:49,728] page_创建订单页.py -> line:84 --- 输入结算周期：20 ---
INFO 日志名称 [2020-11-11 15:52:49,728] base_page.py -> line:27 等待元素：('xpath', '//span[contains(text(),"结算周期")]/following-sibling::div/input') 可见
INFO 日志名称 [2020-11-11 15:52:50,747] base_page.py -> line:53 查找元素：('xpath', '//span[contains(text(),"结算周期")]/following-sibling::div/input')
INFO 日志名称 [2020-11-11 15:52:50,879] page_创建订单页.py -> line:112 --- 输入说明：说明信息 ---
INFO 日志名称 [2020-11-11 15:52:50,881] base_page.py -> line:27 等待元素：('xpath', '//span[contains(text(),"说明")]/following-sibling::div/input') 可见
INFO 日志名称 [2020-11-11 15:52:51,901] base_page.py -> line:53 查找元素：('xpath', '//span[contains(text(),"说明")]/following-sibling::div/input')
INFO 日志名称 [2020-11-11 15:52:52,085] page_创建订单页.py -> line:88 --- 输入采购开始时间 ： 2020-11-11 12:00 ---
INFO 日志名称 [2020-11-11 15:52:52,086] base_page.py -> line:27 等待元素：('xpath', '//span[contains(text(),"发布时间")]/following-sibling::div/input') 可见
INFO 日志名称 [2020-11-11 15:52:53,106] base_page.py -> line:53 查找元素：('xpath', '//span[contains(text(),"发布时间")]/following-sibling::div/input')
INFO 日志名称 [2020-11-11 15:52:53,264] base_page.py -> line:27 等待元素：('xpath', '//input[@placeholder="选择日期"]') 可见
INFO 日志名称 [2020-11-11 15:52:54,296] base_page.py -> line:53 查找元素：('xpath', '//input[@placeholder="选择日期"]')
INFO 日志名称 [2020-11-11 15:52:54,394] base_page.py -> line:27 等待元素：('xpath', '//input[@placeholder="选择日期"]') 可见
INFO 日志名称 [2020-11-11 15:52:55,412] base_page.py -> line:53 查找元素：('xpath', '//input[@placeholder="选择日期"]')
INFO 日志名称 [2020-11-11 15:52:55,575] base_page.py -> line:27 等待元素：('xpath', '//input[@placeholder="选择时间"]') 可见
INFO 日志名称 [2020-11-11 15:52:56,593] base_page.py -> line:53 查找元素：('xpath', '//input[@placeholder="选择时间"]')
INFO 日志名称 [2020-11-11 15:52:56,757] base_page.py -> line:27 等待元素：('xpath', '//input[@placeholder="选择时间"]') 可见
INFO 日志名称 [2020-11-11 15:52:57,782] base_page.py -> line:53 查找元素：('xpath', '//input[@placeholder="选择时间"]')
INFO 日志名称 [2020-11-11 15:52:57,952] base_page.py -> line:27 等待元素：('xpath', '//button[contains(text(),"确定")]') 可见
INFO 日志名称 [2020-11-11 15:52:58,971] base_page.py -> line:53 查找元素：('xpath', '//button[contains(text(),"确定")]')
INFO 日志名称 [2020-11-11 15:52:59,110] base_page.py -> line:27 等待元素：('xpath', '//div[@class="el-picker-panel__footer"]//span[contains(text(),"确定")]/parent::button') 可见
INFO 日志名称 [2020-11-11 15:53:00,149] base_page.py -> line:53 查找元素：('xpath', '//div[@class="el-picker-panel__footer"]//span[contains(text(),"确定")]/parent::button')
INFO 日志名称 [2020-11-11 15:53:00,197] page_创建订单页.py -> line:98 --- 输入采购截止时间 ： 2020-12-01 14:00 ---
INFO 日志名称 [2020-11-11 15:53:00,198] base_page.py -> line:27 等待元素：('xpath', '//span[contains(text(),"截止时间")]/following-sibling::div/input') 可见
INFO 日志名称 [2020-11-11 15:53:01,220] base_page.py -> line:53 查找元素：('xpath', '//span[contains(text(),"截止时间")]/following-sibling::div/input')
INFO 日志名称 [2020-11-11 15:53:01,425] base_page.py -> line:27 等待元素：('xpath', '//input[@placeholder="选择日期"]') 可见
ERROR 日志名称 [2020-11-11 15:53:21,454] base_page.py -> line:33 等待元素：('xpath', '//input[@placeholder="选择日期"]') 可见失败
Traceback (most recent call last):
  File "E:\XLN_WorkSpace\study_web_unit\pageobject\base_page.py", line 30, in wait_ele_visible
    wait.until(EC.visibility_of_element_located(loc))
  File "E:\my_install\anaconda\lib\site-packages\selenium\webdriver\support\wait.py", line 80, in until
    raise TimeoutException(message, screen, stacktrace)
selenium.common.exceptions.TimeoutException: Message: 

INFO 日志名称 [2020-11-11 15:53:23,762] test_02_创建订单.py -> line:26 ========== 创建订单 测试用例执行结束 ==========
