INFO 日志名称 [2020-11-12 17:01:46,280] test_04_创建计磅单.py -> line:21 ========== 创建计磅单 测试用例开始执行 ==========
INFO 日志名称 [2020-11-12 17:01:49,927] base_page.py -> line:17 打开网址：http://47.93.37.55:81/#/login
INFO 日志名称 [2020-11-12 17:01:54,192] page_登录页.py -> line:47 --- 输入登录用户名: xxwbxln ---
INFO 日志名称 [2020-11-12 17:01:54,193] base_page.py -> line:27 等待元素：('xpath', '//input[@name="telephone"]') 可见
INFO 日志名称 [2020-11-12 17:01:55,244] base_page.py -> line:53 查找元素：('xpath', '//input[@name="telephone"]')
INFO 日志名称 [2020-11-12 17:01:55,396] page_登录页.py -> line:51 --- 输入登录密码: 123456 ---
INFO 日志名称 [2020-11-12 17:01:55,397] base_page.py -> line:27 等待元素：('xpath', '//input[@name="password"]') 可见
INFO 日志名称 [2020-11-12 17:01:56,418] base_page.py -> line:53 查找元素：('xpath', '//input[@name="password"]')
INFO 日志名称 [2020-11-12 17:01:56,560] page_登录页.py -> line:54 --- 等待手动输入验证码 ---
INFO 日志名称 [2020-11-12 17:02:06,561] page_登录页.py -> line:58 --- 点击登录按钮 ---
INFO 日志名称 [2020-11-12 17:02:06,561] base_page.py -> line:27 等待元素：('xpath', '//span[contains(text(),"立即登录")]/parent::button') 可见
INFO 日志名称 [2020-11-12 17:02:07,622] base_page.py -> line:53 查找元素：('xpath', '//span[contains(text(),"立即登录")]/parent::button')
INFO 日志名称 [2020-11-12 17:02:07,818] page_首页.py -> line:16 --- 等待账套信息可见 ---
INFO 日志名称 [2020-11-12 17:02:07,818] base_page.py -> line:27 等待元素：('xpath', '//p[@class="right-menu-icon-left"]') 可见
INFO 日志名称 [2020-11-12 17:02:10,480] page_首页.py -> line:23 --- 账套信息可见 ---
INFO 日志名称 [2020-11-12 17:02:10,480] login.py -> line:29 --- 登录成功，进入首页 ---
INFO 日志名称 [2020-11-12 17:02:10,481] page_首页.py -> line:51 --- 点击采购管理 ---
INFO 日志名称 [2020-11-12 17:02:10,482] base_page.py -> line:27 等待元素：('xpath', '//span[text()="采购管理"]/parent::div') 可见
INFO 日志名称 [2020-11-12 17:02:11,555] base_page.py -> line:53 查找元素：('xpath', '//span[text()="采购管理"]/parent::div')
INFO 日志名称 [2020-11-12 17:02:11,719] page_首页.py -> line:56 --- 点击计磅单管理 ---
INFO 日志名称 [2020-11-12 17:02:11,720] base_page.py -> line:27 等待元素：('xpath', '//span[text()="计磅单管理"]/parent::li') 可见
INFO 日志名称 [2020-11-12 17:02:13,321] base_page.py -> line:53 查找元素：('xpath', '//span[text()="计磅单管理"]/parent::li')
INFO 日志名称 [2020-11-12 17:02:13,445] page_首页.py -> line:58 --- 进入计磅单管理页 ---
INFO 日志名称 [2020-11-12 17:02:13,445] page_计磅单管理页.py -> line:9 --- 点击未完成标签页 ---
INFO 日志名称 [2020-11-12 17:02:13,446] base_page.py -> line:27 等待元素：('xpath', '//li[text()="未完成"]') 可见
INFO 日志名称 [2020-11-12 17:02:15,243] base_page.py -> line:53 查找元素：('xpath', '//li[text()="未完成"]')
INFO 日志名称 [2020-11-12 17:02:15,417] page_计磅单管理页.py -> line:14 --- 点击创建 ---
INFO 日志名称 [2020-11-12 17:02:15,418] base_page.py -> line:27 等待元素：('xpath', '//span[text()="创建"]/parent::button') 可见
INFO 日志名称 [2020-11-12 17:02:16,442] base_page.py -> line:53 查找元素：('xpath', '//span[text()="创建"]/parent::button')
INFO 日志名称 [2020-11-12 17:02:16,610] page_创建计磅单页.py -> line:10 --- 输入订单编号 ： DD20201111000001 ---
INFO 日志名称 [2020-11-12 17:02:16,610] base_page.py -> line:27 等待元素：('xpath', '//span[contains(text(),"订单编号")]/following-sibling::div/input') 可见
INFO 日志名称 [2020-11-12 17:02:18,364] base_page.py -> line:53 查找元素：('xpath', '//span[contains(text(),"订单编号")]/following-sibling::div/input')
INFO 日志名称 [2020-11-12 17:02:18,705] page_创建计磅单页.py -> line:15 --- 点击采购经理人手机号输入框 ---
INFO 日志名称 [2020-11-12 17:02:18,705] base_page.py -> line:27 等待元素：('xpath', '//span[contains(text(),"经理人手机号")]/following-sibling::div') 可见
INFO 日志名称 [2020-11-12 17:02:19,722] base_page.py -> line:53 查找元素：('xpath', '//span[contains(text(),"经理人手机号")]/following-sibling::div')
INFO 日志名称 [2020-11-12 17:02:19,861] base_page.py -> line:27 等待元素：('xpath', '//div[@aria-label="选择采购经理人"]//td[3]/div') 可见
INFO 日志名称 [2020-11-12 17:02:20,889] base_page.py -> line:69 查找元素：('xpath', '//div[@aria-label="选择采购经理人"]//td[3]/div')
INFO 日志名称 [2020-11-12 17:02:21,058] page_创建计磅单页.py -> line:24 --- 选择采购经理人 ： 17777733332 ---
INFO 日志名称 [2020-11-12 17:02:21,059] page_创建计磅单页.py -> line:27 --- 选择采购经理人后点击确定 ---
INFO 日志名称 [2020-11-12 17:02:21,059] base_page.py -> line:27 等待元素：('xpath', '//span[text()="确 定"]/parent::button') 可见
INFO 日志名称 [2020-11-12 17:02:22,091] base_page.py -> line:53 查找元素：('xpath', '//span[text()="确 定"]/parent::button')
INFO 日志名称 [2020-11-12 17:02:22,215] base_page.py -> line:36 等待元素：('xpath', '//p[text()="请选择采购经理人"]') 不可见
INFO 日志名称 [2020-11-12 17:02:23,245] page_创建计磅单页.py -> line:36 --- 选择采购经理人成功 ---
INFO 日志名称 [2020-11-12 17:02:23,245] page_创建计磅单页.py -> line:42 --- 点击收款账户输入框 ---
INFO 日志名称 [2020-11-12 17:02:23,246] base_page.py -> line:27 等待元素：('xpath', '//span[contains(text(),"收款账户")]/following-sibling::div') 可见
INFO 日志名称 [2020-11-12 17:02:24,301] base_page.py -> line:53 查找元素：('xpath', '//span[contains(text(),"收款账户")]/following-sibling::div')
INFO 日志名称 [2020-11-12 17:02:24,464] base_page.py -> line:27 等待元素：('xpath', '//div[@aria-label="选择收款账户"]//td[2]/div') 可见
INFO 日志名称 [2020-11-12 17:02:26,041] base_page.py -> line:69 查找元素：('xpath', '//div[@aria-label="选择收款账户"]//td[2]/div')
INFO 日志名称 [2020-11-12 17:02:26,106] base_page.py -> line:27 等待元素：('xpath', '//div[@aria-label="选择收款账户"]//td[3]/div') 可见
INFO 日志名称 [2020-11-12 17:02:27,168] base_page.py -> line:69 查找元素：('xpath', '//div[@aria-label="选择收款账户"]//td[3]/div')
INFO 日志名称 [2020-11-12 17:02:27,233] page_创建计磅单页.py -> line:52 --- 查找收款银行卡号 ： 中国农业银行(0000) ---
INFO 日志名称 [2020-11-12 17:02:27,256] page_创建计磅单页.py -> line:52 --- 查找收款银行卡号 ： 中国农业银行(0000) ---
INFO 日志名称 [2020-11-12 17:02:27,280] page_创建计磅单页.py -> line:52 --- 查找收款银行卡号 ： 中国农业银行(0000) ---
INFO 日志名称 [2020-11-12 17:02:27,298] page_创建计磅单页.py -> line:52 --- 查找收款银行卡号 ： 中国农业银行(0000) ---
INFO 日志名称 [2020-11-12 17:02:27,312] page_创建计磅单页.py -> line:54 --- 查找收款银行卡号 ： 中国农业银行(0000) 成功---
INFO 日志名称 [2020-11-12 17:02:27,312] base_page.py -> line:27 等待元素：('xpath', '//div[@aria-label="选择收款账户"]//tr[4]//td[1]/div') 可见
INFO 日志名称 [2020-11-12 17:02:28,335] base_page.py -> line:53 查找元素：('xpath', '//div[@aria-label="选择收款账户"]//tr[4]//td[1]/div')
INFO 日志名称 [2020-11-12 17:02:28,463] page_创建计磅单页.py -> line:56 --- 查找收款账户成功 ---
INFO 日志名称 [2020-11-12 17:02:28,463] page_创建计磅单页.py -> line:59 --- 选择收款账户后点击确定 ---
INFO 日志名称 [2020-11-12 17:02:28,464] base_page.py -> line:27 等待元素：('xpath', '//span[text()="确定"]/parent::button') 可见
INFO 日志名称 [2020-11-12 17:02:29,497] base_page.py -> line:53 查找元素：('xpath', '//span[text()="确定"]/parent::button')
INFO 日志名称 [2020-11-12 17:02:29,672] base_page.py -> line:36 等待元素：('xpath', '//p[text()="请选择收款账户"]') 不可见
INFO 日志名称 [2020-11-12 17:02:30,692] page_创建计磅单页.py -> line:69 --- 选择收款账户成功 ---
INFO 日志名称 [2020-11-12 17:02:30,692] page_创建计磅单页.py -> line:115 --- 上传计磅单图片 ---
INFO 日志名称 [2020-11-12 17:02:30,693] base_page.py -> line:27 等待元素：('xpath', '//p[text()="计磅单"]/preceding-sibling::div//input') 可见
ERROR 日志名称 [2020-11-12 17:02:50,892] base_page.py -> line:33 等待元素：('xpath', '//p[text()="计磅单"]/preceding-sibling::div//input') 可见失败
Traceback (most recent call last):
  File "E:\XLN_WorkSpace\study_web_unit\pageobject\base_page.py", line 30, in wait_ele_visible
    wait.until(EC.visibility_of_element_located(loc))
  File "E:\my_install\anaconda\lib\site-packages\selenium\webdriver\support\wait.py", line 80, in until
    raise TimeoutException(message, screen, stacktrace)
selenium.common.exceptions.TimeoutException: Message: 

INFO 日志名称 [2020-11-12 17:02:53,190] test_04_创建计磅单.py -> line:25 ========== 创建计磅单 测试用例执行结束 ==========
