INFO 日志名称 [2020-11-11 15:48:06,718] test_02_创建订单.py -> line:22 ========== 创建订单 测试用例开始执行 ==========
INFO 日志名称 [2020-11-11 15:48:10,330] base_page.py -> line:17 打开网址：http://47.93.37.55:81/#/login
INFO 日志名称 [2020-11-11 15:48:19,263] page_登录页.py -> line:47 --- 输入登录用户名: xxwbxln ---
INFO 日志名称 [2020-11-11 15:48:19,263] base_page.py -> line:27 等待元素：('xpath', '//input[@name="telephone"]') 可见
INFO 日志名称 [2020-11-11 15:48:20,316] base_page.py -> line:53 查找元素：('xpath', '//input[@name="telephone"]')
INFO 日志名称 [2020-11-11 15:48:20,400] page_登录页.py -> line:51 --- 输入登录密码: 123456 ---
INFO 日志名称 [2020-11-11 15:48:20,401] base_page.py -> line:27 等待元素：('xpath', '//input[@name="password"]') 可见
INFO 日志名称 [2020-11-11 15:48:21,424] base_page.py -> line:53 查找元素：('xpath', '//input[@name="password"]')
INFO 日志名称 [2020-11-11 15:48:21,542] page_登录页.py -> line:54 --- 等待手动输入验证码 ---
INFO 日志名称 [2020-11-11 15:48:31,543] page_登录页.py -> line:58 --- 点击登录按钮 ---
INFO 日志名称 [2020-11-11 15:48:31,543] base_page.py -> line:27 等待元素：('xpath', '//span[contains(text(),"立即登录")]/parent::button') 可见
INFO 日志名称 [2020-11-11 15:48:32,605] base_page.py -> line:53 查找元素：('xpath', '//span[contains(text(),"立即登录")]/parent::button')
INFO 日志名称 [2020-11-11 15:48:32,748] page_登录页.py -> line:60 --- 登录成功，进入首页 ---
INFO 日志名称 [2020-11-11 15:48:32,749] page_首页.py -> line:28 --- 点击供货管理 ---
INFO 日志名称 [2020-11-11 15:48:32,749] base_page.py -> line:27 等待元素：('xpath', '//span[text()="供货管理"]/parent::div') 可见
INFO 日志名称 [2020-11-11 15:48:34,808] base_page.py -> line:53 查找元素：('xpath', '//span[text()="供货管理"]/parent::div')
INFO 日志名称 [2020-11-11 15:48:34,943] page_首页.py -> line:34 --- 点击订单管理 ---
INFO 日志名称 [2020-11-11 15:48:34,944] base_page.py -> line:27 等待元素：('xpath', '//span[text()="订单管理"]/parent::li') 可见
INFO 日志名称 [2020-11-11 15:48:35,983] base_page.py -> line:53 查找元素：('xpath', '//span[text()="订单管理"]/parent::li')
INFO 日志名称 [2020-11-11 15:48:36,121] page_首页.py -> line:36 --- 进入订单管理页 ---
INFO 日志名称 [2020-11-11 15:48:36,122] page_订单管理页.py -> line:11 --- 点击创建订单按钮 ---
INFO 日志名称 [2020-11-11 15:48:36,122] base_page.py -> line:27 等待元素：('xpath', '//span[text()="创建"]/parent::button') 可见
INFO 日志名称 [2020-11-11 15:48:37,872] base_page.py -> line:53 查找元素：('xpath', '//span[text()="创建"]/parent::button')
INFO 日志名称 [2020-11-11 15:48:38,003] page_订单管理页.py -> line:13 --- 成功进入创建订单页面 ---
INFO 日志名称 [2020-11-11 15:48:38,004] page_创建订单页.py -> line:10 --- 选择采购类别：定价 ---
INFO 日志名称 [2020-11-11 15:48:38,004] base_page.py -> line:27 等待元素：('xpath', '//span/parent::label') 可见
INFO 日志名称 [2020-11-11 15:48:39,572] base_page.py -> line:69 查找元素：('xpath', '//span/parent::label')
INFO 日志名称 [2020-11-11 15:48:39,771] page_创建订单页.py -> line:23 --- 选择生产企业：天津市天重江天重工有限公司 ---
INFO 日志名称 [2020-11-11 15:48:39,771] base_page.py -> line:27 等待元素：('xpath', '//div[@class="zhe"]') 可见
INFO 日志名称 [2020-11-11 15:48:40,801] base_page.py -> line:53 查找元素：('xpath', '//div[@class="zhe"]')
INFO 日志名称 [2020-11-11 15:48:41,014] base_page.py -> line:27 等待元素：('xpath', '//tbody//tr/td[2]/div') 可见
INFO 日志名称 [2020-11-11 15:48:42,043] base_page.py -> line:69 查找元素：('xpath', '//tbody//tr/td[2]/div')
INFO 日志名称 [2020-11-11 15:48:42,338] page_创建订单页.py -> line:35 --- 选择生产企业后，点击确定 ---
INFO 日志名称 [2020-11-11 15:48:42,338] base_page.py -> line:27 等待元素：('xpath', '//span[text()="选择生产企业"]/parent::div/following-sibling::div//span[text()="确 定"]/parent::button') 可见
INFO 日志名称 [2020-11-11 15:48:43,359] base_page.py -> line:53 查找元素：('xpath', '//span[text()="选择生产企业"]/parent::div/following-sibling::div//span[text()="确 定"]/parent::button')
INFO 日志名称 [2020-11-11 15:48:43,509] base_page.py -> line:36 等待元素：('xpath', '//p[text()="请选择生产企业"]') 不可见
INFO 日志名称 [2020-11-11 15:48:44,534] page_创建订单页.py -> line:45 --- 选择生产企业成功 ---
INFO 日志名称 [2020-11-11 15:48:44,534] base_page.py -> line:27 等待元素：('xpath', '//span[contains(text(),"地址")]/following-sibling::div/input') 可见
INFO 日志名称 [2020-11-11 15:48:45,606] base_page.py -> line:53 查找元素：('xpath', '//span[contains(text(),"地址")]/following-sibling::div/input')
INFO 日志名称 [2020-11-11 15:48:45,678] base_page.py -> line:27 等待元素：('xpath', '//span[contains(text(),"地址")]/following-sibling::div/input') 可见
INFO 日志名称 [2020-11-11 15:48:46,735] base_page.py -> line:53 查找元素：('xpath', '//span[contains(text(),"地址")]/following-sibling::div/input')
INFO 日志名称 [2020-11-11 15:48:46,806] page_创建订单页.py -> line:55 --- 输入详细地址：详细地址信息 ---
INFO 日志名称 [2020-11-11 15:48:46,806] base_page.py -> line:27 等待元素：('xpath', '//span[contains(text(),"地址")]/following-sibling::div/input') 可见
INFO 日志名称 [2020-11-11 15:48:47,846] base_page.py -> line:53 查找元素：('xpath', '//span[contains(text(),"地址")]/following-sibling::div/input')
INFO 日志名称 [2020-11-11 15:48:48,133] page_创建订单页.py -> line:60 --- 选择料型 ---
INFO 日志名称 [2020-11-11 15:48:48,133] base_page.py -> line:27 等待元素：('xpath', '//span[contains(text(),"料型")]/following-sibling::div//input') 可见
INFO 日志名称 [2020-11-11 15:48:49,155] base_page.py -> line:53 查找元素：('xpath', '//span[contains(text(),"料型")]/following-sibling::div//input')
INFO 日志名称 [2020-11-11 15:48:49,259] page_创建订单页.py -> line:62 --- 选择板料 ---
INFO 日志名称 [2020-11-11 15:48:49,260] base_page.py -> line:27 等待元素：('xpath', '//span[text()="板料"]') 可见
INFO 日志名称 [2020-11-11 15:48:50,802] base_page.py -> line:53 查找元素：('xpath', '//span[text()="板料"]')
INFO 日志名称 [2020-11-11 15:48:50,963] page_创建订单页.py -> line:64 --- 选择一级 ---
INFO 日志名称 [2020-11-11 15:48:50,963] base_page.py -> line:27 等待元素：('xpath', '//span[text()="一级"]') 可见
INFO 日志名称 [2020-11-11 15:48:52,001] base_page.py -> line:53 查找元素：('xpath', '//span[text()="一级"]')
INFO 日志名称 [2020-11-11 15:48:52,151] page_创建订单页.py -> line:68 --- 输入规格：规格描述信息 ---
INFO 日志名称 [2020-11-11 15:48:52,151] base_page.py -> line:27 等待元素：('xpath', '//span[contains(text(),"规格")]/following-sibling::div/input') 可见
INFO 日志名称 [2020-11-11 15:48:53,188] base_page.py -> line:53 查找元素：('xpath', '//span[contains(text(),"规格")]/following-sibling::div/input')
INFO 日志名称 [2020-11-11 15:48:53,373] page_创建订单页.py -> line:72 --- 输入销售单价：2000 ---
INFO 日志名称 [2020-11-11 15:48:53,373] base_page.py -> line:27 等待元素：('xpath', '//span[contains(text(),"销售单价")]/following-sibling::div/input') 可见
INFO 日志名称 [2020-11-11 15:48:54,393] base_page.py -> line:53 查找元素：('xpath', '//span[contains(text(),"销售单价")]/following-sibling::div/input')
INFO 日志名称 [2020-11-11 15:48:54,573] page_创建订单页.py -> line:76 --- 输入采购单价：1500 ---
INFO 日志名称 [2020-11-11 15:48:54,573] base_page.py -> line:27 等待元素：('xpath', '//span[contains(text(),"采购单价")]/following-sibling::div/input') 可见
INFO 日志名称 [2020-11-11 15:48:55,593] base_page.py -> line:53 查找元素：('xpath', '//span[contains(text(),"采购单价")]/following-sibling::div/input')
INFO 日志名称 [2020-11-11 15:48:55,757] page_创建订单页.py -> line:80 --- 输入采购数量：500 ---
INFO 日志名称 [2020-11-11 15:48:55,757] base_page.py -> line:27 等待元素：('xpath', '//span[contains(text(),"采购数量")]/following-sibling::div/input') 可见
INFO 日志名称 [2020-11-11 15:48:56,776] base_page.py -> line:53 查找元素：('xpath', '//span[contains(text(),"采购数量")]/following-sibling::div/input')
INFO 日志名称 [2020-11-11 15:48:56,962] page_创建订单页.py -> line:84 --- 输入结算周期：20 ---
INFO 日志名称 [2020-11-11 15:48:56,962] base_page.py -> line:27 等待元素：('xpath', '//span[contains(text(),"结算周期")]/following-sibling::div/input') 可见
INFO 日志名称 [2020-11-11 15:48:57,999] base_page.py -> line:53 查找元素：('xpath', '//span[contains(text(),"结算周期")]/following-sibling::div/input')
INFO 日志名称 [2020-11-11 15:48:58,158] page_创建订单页.py -> line:112 --- 输入说明：说明信息 ---
INFO 日志名称 [2020-11-11 15:48:58,158] base_page.py -> line:27 等待元素：('xpath', '//span[contains(text(),"说明")]/following-sibling::div/input') 可见
INFO 日志名称 [2020-11-11 15:48:59,177] base_page.py -> line:53 查找元素：('xpath', '//span[contains(text(),"说明")]/following-sibling::div/input')
INFO 日志名称 [2020-11-11 15:48:59,426] page_创建订单页.py -> line:88 --- 输入采购开始时间 ： 2020-11-11 12:00 ---
INFO 日志名称 [2020-11-11 15:48:59,426] base_page.py -> line:27 等待元素：('xpath', '//span[contains(text(),"发布时间")]/following-sibling::div/input') 可见
INFO 日志名称 [2020-11-11 15:49:00,446] base_page.py -> line:53 查找元素：('xpath', '//span[contains(text(),"发布时间")]/following-sibling::div/input')
INFO 日志名称 [2020-11-11 15:49:00,682] base_page.py -> line:27 等待元素：('xpath', '//input[@placeholder="选择日期"]') 可见
INFO 日志名称 [2020-11-11 15:49:01,707] base_page.py -> line:53 查找元素：('xpath', '//input[@placeholder="选择日期"]')
INFO 日志名称 [2020-11-11 15:49:01,808] base_page.py -> line:27 等待元素：('xpath', '//input[@placeholder="选择日期"]') 可见
INFO 日志名称 [2020-11-11 15:49:02,825] base_page.py -> line:53 查找元素：('xpath', '//input[@placeholder="选择日期"]')
INFO 日志名称 [2020-11-11 15:49:03,012] base_page.py -> line:27 等待元素：('xpath', '//input[@placeholder="选择时间"]') 可见
INFO 日志名称 [2020-11-11 15:49:04,031] base_page.py -> line:53 查找元素：('xpath', '//input[@placeholder="选择时间"]')
INFO 日志名称 [2020-11-11 15:49:04,202] base_page.py -> line:27 等待元素：('xpath', '//input[@placeholder="选择时间"]') 可见
INFO 日志名称 [2020-11-11 15:49:05,230] base_page.py -> line:53 查找元素：('xpath', '//input[@placeholder="选择时间"]')
INFO 日志名称 [2020-11-11 15:49:05,396] base_page.py -> line:27 等待元素：('xpath', '//button[contains(text(),"确定")]') 可见
INFO 日志名称 [2020-11-11 15:49:06,414] base_page.py -> line:53 查找元素：('xpath', '//button[contains(text(),"确定")]')
INFO 日志名称 [2020-11-11 15:49:06,565] base_page.py -> line:27 等待元素：('xpath', '//div[@x-placement="bottom-start"]//span[contains(text(),"确定")]/parent::button') 可见
ERROR 日志名称 [2020-11-11 15:49:26,986] base_page.py -> line:33 等待元素：('xpath', '//div[@x-placement="bottom-start"]//span[contains(text(),"确定")]/parent::button') 可见失败
Traceback (most recent call last):
  File "E:\XLN_WorkSpace\study_web_unit\pageobject\base_page.py", line 30, in wait_ele_visible
    wait.until(EC.visibility_of_element_located(loc))
  File "E:\my_install\anaconda\lib\site-packages\selenium\webdriver\support\wait.py", line 80, in until
    raise TimeoutException(message, screen, stacktrace)
selenium.common.exceptions.TimeoutException: Message: 

INFO 日志名称 [2020-11-11 15:49:29,320] test_02_创建订单.py -> line:26 ========== 创建订单 测试用例执行结束 ==========
