INFO 日志名称 [2020-11-12 16:55:12,679] test_04_创建计磅单.py -> line:21 ========== 创建计磅单 测试用例开始执行 ==========
INFO 日志名称 [2020-11-12 16:55:16,377] base_page.py -> line:17 打开网址：http://47.93.37.55:81/#/login
INFO 日志名称 [2020-11-12 16:55:21,104] page_登录页.py -> line:47 --- 输入登录用户名: xxwbxln ---
INFO 日志名称 [2020-11-12 16:55:21,104] base_page.py -> line:27 等待元素：('xpath', '//input[@name="telephone"]') 可见
INFO 日志名称 [2020-11-12 16:55:22,150] base_page.py -> line:53 查找元素：('xpath', '//input[@name="telephone"]')
INFO 日志名称 [2020-11-12 16:55:22,234] page_登录页.py -> line:51 --- 输入登录密码: 123456 ---
INFO 日志名称 [2020-11-12 16:55:22,236] base_page.py -> line:27 等待元素：('xpath', '//input[@name="password"]') 可见
INFO 日志名称 [2020-11-12 16:55:23,261] base_page.py -> line:53 查找元素：('xpath', '//input[@name="password"]')
INFO 日志名称 [2020-11-12 16:55:23,367] page_登录页.py -> line:54 --- 等待手动输入验证码 ---
INFO 日志名称 [2020-11-12 16:55:33,367] page_登录页.py -> line:58 --- 点击登录按钮 ---
INFO 日志名称 [2020-11-12 16:55:33,368] base_page.py -> line:27 等待元素：('xpath', '//span[contains(text(),"立即登录")]/parent::button') 可见
INFO 日志名称 [2020-11-12 16:55:34,433] base_page.py -> line:53 查找元素：('xpath', '//span[contains(text(),"立即登录")]/parent::button')
INFO 日志名称 [2020-11-12 16:55:34,572] page_首页.py -> line:16 --- 等待账套信息可见 ---
INFO 日志名称 [2020-11-12 16:55:34,572] base_page.py -> line:27 等待元素：('xpath', '//p[@class="right-menu-icon-left"]') 可见
INFO 日志名称 [2020-11-12 16:55:36,630] page_首页.py -> line:23 --- 账套信息可见 ---
INFO 日志名称 [2020-11-12 16:55:36,631] login.py -> line:29 --- 登录成功，进入首页 ---
INFO 日志名称 [2020-11-12 16:55:36,631] page_首页.py -> line:51 --- 点击采购管理 ---
INFO 日志名称 [2020-11-12 16:55:36,632] base_page.py -> line:27 等待元素：('xpath', '//span[text()="采购管理"]/parent::div') 可见
INFO 日志名称 [2020-11-12 16:55:37,677] base_page.py -> line:53 查找元素：('xpath', '//span[text()="采购管理"]/parent::div')
INFO 日志名称 [2020-11-12 16:55:37,781] page_首页.py -> line:56 --- 点击计磅单管理 ---
INFO 日志名称 [2020-11-12 16:55:37,781] base_page.py -> line:27 等待元素：('xpath', '//span[text()="计磅单管理"]/parent::li') 可见
INFO 日志名称 [2020-11-12 16:55:39,351] base_page.py -> line:53 查找元素：('xpath', '//span[text()="计磅单管理"]/parent::li')
INFO 日志名称 [2020-11-12 16:55:39,446] page_首页.py -> line:58 --- 进入计磅单管理页 ---
INFO 日志名称 [2020-11-12 16:55:39,447] page_计磅单管理页.py -> line:9 --- 点击未完成标签页 ---
INFO 日志名称 [2020-11-12 16:55:39,447] base_page.py -> line:27 等待元素：('xpath', '//li[text()="未完成"]') 可见
INFO 日志名称 [2020-11-12 16:55:41,252] base_page.py -> line:53 查找元素：('xpath', '//li[text()="未完成"]')
INFO 日志名称 [2020-11-12 16:55:41,405] page_计磅单管理页.py -> line:14 --- 点击创建 ---
INFO 日志名称 [2020-11-12 16:55:41,405] base_page.py -> line:27 等待元素：('xpath', '//span[text()="创建"]/parent::button') 可见
INFO 日志名称 [2020-11-12 16:55:42,433] base_page.py -> line:53 查找元素：('xpath', '//span[text()="创建"]/parent::button')
INFO 日志名称 [2020-11-12 16:55:42,565] page_创建计磅单页.py -> line:10 --- 输入订单编号 ： DD20201111000001 ---
INFO 日志名称 [2020-11-12 16:55:42,565] base_page.py -> line:27 等待元素：('xpath', '//span[contains(text(),"订单编号")]/following-sibling::div/input') 可见
INFO 日志名称 [2020-11-12 16:55:44,108] base_page.py -> line:53 查找元素：('xpath', '//span[contains(text(),"订单编号")]/following-sibling::div/input')
INFO 日志名称 [2020-11-12 16:55:44,429] page_创建计磅单页.py -> line:15 --- 点击采购经理人手机号输入框 ---
INFO 日志名称 [2020-11-12 16:55:44,429] base_page.py -> line:27 等待元素：('xpath', '//span[contains(text(),"经理人手机号")]/following-sibling::div') 可见
INFO 日志名称 [2020-11-12 16:55:45,447] base_page.py -> line:53 查找元素：('xpath', '//span[contains(text(),"经理人手机号")]/following-sibling::div')
INFO 日志名称 [2020-11-12 16:55:45,614] base_page.py -> line:27 等待元素：('xpath', '//div[@aria-label="选择采购经理人"]//td[3]/div') 可见
INFO 日志名称 [2020-11-12 16:55:46,650] base_page.py -> line:69 查找元素：('xpath', '//div[@aria-label="选择采购经理人"]//td[3]/div')
INFO 日志名称 [2020-11-12 16:55:46,809] page_创建计磅单页.py -> line:24 --- 选择采购经理人 ： 17777733332 ---
INFO 日志名称 [2020-11-12 16:55:46,810] page_创建计磅单页.py -> line:27 --- 选择采购经理人后点击确定 ---
INFO 日志名称 [2020-11-12 16:55:46,810] base_page.py -> line:27 等待元素：('xpath', '//span[text()="确 定"]/parent::button') 可见
INFO 日志名称 [2020-11-12 16:55:47,846] base_page.py -> line:53 查找元素：('xpath', '//span[text()="确 定"]/parent::button')
INFO 日志名称 [2020-11-12 16:55:48,005] base_page.py -> line:36 等待元素：('xpath', '//p[text()="请选择采购经理人"]') 不可见
INFO 日志名称 [2020-11-12 16:55:49,023] page_创建计磅单页.py -> line:36 --- 选择采购经理人成功 ---
INFO 日志名称 [2020-11-12 16:55:49,023] page_创建计磅单页.py -> line:42 --- 点击收款账户输入框 ---
INFO 日志名称 [2020-11-12 16:55:49,024] base_page.py -> line:27 等待元素：('xpath', '//span[contains(text(),"收款账户")]/following-sibling::div') 可见
INFO 日志名称 [2020-11-12 16:55:50,089] base_page.py -> line:53 查找元素：('xpath', '//span[contains(text(),"收款账户")]/following-sibling::div')
INFO 日志名称 [2020-11-12 16:55:50,306] base_page.py -> line:27 等待元素：('xpath', '//div[@aria-label="选择收款账户"]//td[2]/div') 可见
INFO 日志名称 [2020-11-12 16:55:51,882] base_page.py -> line:69 查找元素：('xpath', '//div[@aria-label="选择收款账户"]//td[2]/div')
INFO 日志名称 [2020-11-12 16:55:51,937] base_page.py -> line:27 等待元素：('xpath', '//div[@aria-label="选择收款账户"]//td[3]/div') 可见
INFO 日志名称 [2020-11-12 16:55:52,973] base_page.py -> line:69 查找元素：('xpath', '//div[@aria-label="选择收款账户"]//td[3]/div')
INFO 日志名称 [2020-11-12 16:55:53,035] page_创建计磅单页.py -> line:52 --- 查找收款银行卡号 ： 中国农业银行(0000) ---
INFO 日志名称 [2020-11-12 16:55:53,063] page_创建计磅单页.py -> line:52 --- 查找收款银行卡号 ： 中国农业银行(0000) ---
INFO 日志名称 [2020-11-12 16:55:53,090] page_创建计磅单页.py -> line:52 --- 查找收款银行卡号 ： 中国农业银行(0000) ---
INFO 日志名称 [2020-11-12 16:55:53,116] page_创建计磅单页.py -> line:52 --- 查找收款银行卡号 ： 中国农业银行(0000) ---
INFO 日志名称 [2020-11-12 16:55:53,142] page_创建计磅单页.py -> line:54 --- 查找收款银行卡号 ： 中国农业银行(0000) 成功---
INFO 日志名称 [2020-11-12 16:55:53,143] base_page.py -> line:27 等待元素：('xpath', '//div[@aria-label="选择收款账户"]//tr[4]//td[1]/div') 可见
INFO 日志名称 [2020-11-12 16:55:54,185] base_page.py -> line:53 查找元素：('xpath', '//div[@aria-label="选择收款账户"]//tr[4]//td[1]/div')
INFO 日志名称 [2020-11-12 16:55:54,237] page_创建计磅单页.py -> line:56 --- 查找收款账户成功 ---
INFO 日志名称 [2020-11-12 16:55:54,237] page_创建计磅单页.py -> line:59 --- 选择收款账户后点击确定 ---
INFO 日志名称 [2020-11-12 16:55:54,237] base_page.py -> line:27 等待元素：('xpath', '//span[text()="确定"]/parent::button') 可见
INFO 日志名称 [2020-11-12 16:55:55,260] base_page.py -> line:53 查找元素：('xpath', '//span[text()="确定"]/parent::button')
INFO 日志名称 [2020-11-12 16:55:55,409] base_page.py -> line:36 等待元素：('xpath', '//p[text()="请选择收款账户"]') 不可见
INFO 日志名称 [2020-11-12 16:55:56,425] page_创建计磅单页.py -> line:69 --- 选择收款账户成功 ---
INFO 日志名称 [2020-11-12 16:55:56,425] page_创建计磅单页.py -> line:115 --- 上传计磅单图片 ---
INFO 日志名称 [2020-11-12 16:55:56,426] base_page.py -> line:27 等待元素：('xpath', '//p[text()="计磅单"]/preceding-sibling::div//input') 可见
ERROR 日志名称 [2020-11-12 16:56:16,678] base_page.py -> line:33 等待元素：('xpath', '//p[text()="计磅单"]/preceding-sibling::div//input') 可见失败
Traceback (most recent call last):
  File "E:\XLN_WorkSpace\study_web_unit\pageobject\base_page.py", line 30, in wait_ele_visible
    wait.until(EC.visibility_of_element_located(loc))
  File "E:\my_install\anaconda\lib\site-packages\selenium\webdriver\support\wait.py", line 80, in until
    raise TimeoutException(message, screen, stacktrace)
selenium.common.exceptions.TimeoutException: Message: 

INFO 日志名称 [2020-11-12 16:56:18,960] test_04_创建计磅单.py -> line:25 ========== 创建计磅单 测试用例执行结束 ==========
