INFO 日志名称 [2020-11-11 16:29:45,994] test_02_创建订单.py -> line:22 ========== 创建订单 测试用例开始执行 ==========
INFO 日志名称 [2020-11-11 16:29:49,519] base_page.py -> line:17 打开网址：http://47.93.37.55:81/#/login
INFO 日志名称 [2020-11-11 16:29:54,083] page_登录页.py -> line:47 --- 输入登录用户名: xxwbxln ---
INFO 日志名称 [2020-11-11 16:29:54,083] base_page.py -> line:27 等待元素：('xpath', '//input[@name="telephone"]') 可见
INFO 日志名称 [2020-11-11 16:29:55,106] base_page.py -> line:53 查找元素：('xpath', '//input[@name="telephone"]')
INFO 日志名称 [2020-11-11 16:29:55,197] page_登录页.py -> line:51 --- 输入登录密码: 123456 ---
INFO 日志名称 [2020-11-11 16:29:55,198] base_page.py -> line:27 等待元素：('xpath', '//input[@name="password"]') 可见
INFO 日志名称 [2020-11-11 16:29:56,221] base_page.py -> line:53 查找元素：('xpath', '//input[@name="password"]')
INFO 日志名称 [2020-11-11 16:29:56,359] page_登录页.py -> line:54 --- 等待手动输入验证码 ---
INFO 日志名称 [2020-11-11 16:30:06,360] page_登录页.py -> line:58 --- 点击登录按钮 ---
INFO 日志名称 [2020-11-11 16:30:06,361] base_page.py -> line:27 等待元素：('xpath', '//span[contains(text(),"立即登录")]/parent::button') 可见
INFO 日志名称 [2020-11-11 16:30:07,424] base_page.py -> line:53 查找元素：('xpath', '//span[contains(text(),"立即登录")]/parent::button')
INFO 日志名称 [2020-11-11 16:30:07,573] page_登录页.py -> line:60 --- 登录成功，进入首页 ---
INFO 日志名称 [2020-11-11 16:30:07,573] page_首页.py -> line:28 --- 点击供货管理 ---
INFO 日志名称 [2020-11-11 16:30:07,574] base_page.py -> line:27 等待元素：('xpath', '//span[text()="供货管理"]/parent::div') 可见
INFO 日志名称 [2020-11-11 16:30:09,656] base_page.py -> line:53 查找元素：('xpath', '//span[text()="供货管理"]/parent::div')
INFO 日志名称 [2020-11-11 16:30:09,791] page_首页.py -> line:34 --- 点击订单管理 ---
INFO 日志名称 [2020-11-11 16:30:09,792] base_page.py -> line:27 等待元素：('xpath', '//span[text()="订单管理"]/parent::li') 可见
INFO 日志名称 [2020-11-11 16:30:10,828] base_page.py -> line:53 查找元素：('xpath', '//span[text()="订单管理"]/parent::li')
INFO 日志名称 [2020-11-11 16:30:10,997] page_首页.py -> line:36 --- 进入订单管理页 ---
INFO 日志名称 [2020-11-11 16:30:10,997] page_订单管理页.py -> line:11 --- 点击创建订单按钮 ---
INFO 日志名称 [2020-11-11 16:30:10,997] base_page.py -> line:27 等待元素：('xpath', '//span[text()="创建"]/parent::button') 可见
INFO 日志名称 [2020-11-11 16:30:12,721] base_page.py -> line:53 查找元素：('xpath', '//span[text()="创建"]/parent::button')
INFO 日志名称 [2020-11-11 16:30:12,868] page_订单管理页.py -> line:13 --- 成功进入创建订单页面 ---
INFO 日志名称 [2020-11-11 16:30:12,869] page_创建订单页.py -> line:10 --- 选择采购类别：定价 ---
INFO 日志名称 [2020-11-11 16:30:12,869] base_page.py -> line:27 等待元素：('xpath', '//span/parent::label') 可见
INFO 日志名称 [2020-11-11 16:30:14,405] base_page.py -> line:69 查找元素：('xpath', '//span/parent::label')
INFO 日志名称 [2020-11-11 16:30:14,564] page_创建订单页.py -> line:23 --- 选择生产企业：天津市天重江天重工有限公司 ---
INFO 日志名称 [2020-11-11 16:30:14,564] base_page.py -> line:27 等待元素：('xpath', '//div[@class="zhe"]') 可见
INFO 日志名称 [2020-11-11 16:30:15,589] base_page.py -> line:53 查找元素：('xpath', '//div[@class="zhe"]')
INFO 日志名称 [2020-11-11 16:30:15,814] base_page.py -> line:27 等待元素：('xpath', '//tbody//tr/td[2]/div') 可见
INFO 日志名称 [2020-11-11 16:30:17,399] base_page.py -> line:69 查找元素：('xpath', '//tbody//tr/td[2]/div')
INFO 日志名称 [2020-11-11 16:30:17,819] page_创建订单页.py -> line:35 --- 选择生产企业后，点击确定 ---
INFO 日志名称 [2020-11-11 16:30:17,819] base_page.py -> line:27 等待元素：('xpath', '//span[text()="选择生产企业"]/parent::div/following-sibling::div//span[text()="确 定"]/parent::button') 可见
INFO 日志名称 [2020-11-11 16:30:18,839] base_page.py -> line:53 查找元素：('xpath', '//span[text()="选择生产企业"]/parent::div/following-sibling::div//span[text()="确 定"]/parent::button')
INFO 日志名称 [2020-11-11 16:30:19,064] base_page.py -> line:36 等待元素：('xpath', '//p[text()="请选择生产企业"]') 不可见
INFO 日志名称 [2020-11-11 16:30:20,086] page_创建订单页.py -> line:45 --- 选择生产企业成功 ---
INFO 日志名称 [2020-11-11 16:30:20,086] base_page.py -> line:27 等待元素：('xpath', '//span[contains(text(),"地址")]/following-sibling::div/input') 可见
INFO 日志名称 [2020-11-11 16:30:21,142] base_page.py -> line:53 查找元素：('xpath', '//span[contains(text(),"地址")]/following-sibling::div/input')
INFO 日志名称 [2020-11-11 16:30:21,184] page_创建订单页.py -> line:54 --- 输入详细地址：详细地址信息 ---
INFO 日志名称 [2020-11-11 16:30:21,184] base_page.py -> line:27 等待元素：('xpath', '//span[contains(text(),"地址")]/following-sibling::div/input') 可见
INFO 日志名称 [2020-11-11 16:30:22,216] base_page.py -> line:53 查找元素：('xpath', '//span[contains(text(),"地址")]/following-sibling::div/input')
INFO 日志名称 [2020-11-11 16:30:22,489] page_创建订单页.py -> line:59 --- 选择料型 ---
INFO 日志名称 [2020-11-11 16:30:22,490] base_page.py -> line:27 等待元素：('xpath', '//span[contains(text(),"料型")]/following-sibling::div//input') 可见
INFO 日志名称 [2020-11-11 16:30:23,507] base_page.py -> line:53 查找元素：('xpath', '//span[contains(text(),"料型")]/following-sibling::div//input')
INFO 日志名称 [2020-11-11 16:30:23,661] page_创建订单页.py -> line:61 --- 选择板料 ---
INFO 日志名称 [2020-11-11 16:30:23,661] base_page.py -> line:27 等待元素：('xpath', '//span[text()="板料"]') 可见
INFO 日志名称 [2020-11-11 16:30:25,239] base_page.py -> line:53 查找元素：('xpath', '//span[text()="板料"]')
INFO 日志名称 [2020-11-11 16:30:25,344] page_创建订单页.py -> line:63 --- 选择一级 ---
INFO 日志名称 [2020-11-11 16:30:25,344] base_page.py -> line:27 等待元素：('xpath', '//span[text()="一级"]') 可见
INFO 日志名称 [2020-11-11 16:30:26,369] base_page.py -> line:53 查找元素：('xpath', '//span[text()="一级"]')
INFO 日志名称 [2020-11-11 16:30:26,558] page_创建订单页.py -> line:67 --- 输入规格：规格描述信息 ---
INFO 日志名称 [2020-11-11 16:30:26,559] base_page.py -> line:27 等待元素：('xpath', '//span[contains(text(),"规格")]/following-sibling::div/input') 可见
INFO 日志名称 [2020-11-11 16:30:27,602] base_page.py -> line:53 查找元素：('xpath', '//span[contains(text(),"规格")]/following-sibling::div/input')
INFO 日志名称 [2020-11-11 16:30:27,831] page_创建订单页.py -> line:71 --- 输入销售单价：2000 ---
INFO 日志名称 [2020-11-11 16:30:27,831] base_page.py -> line:27 等待元素：('xpath', '//span[contains(text(),"销售单价")]/following-sibling::div/input') 可见
INFO 日志名称 [2020-11-11 16:30:28,849] base_page.py -> line:53 查找元素：('xpath', '//span[contains(text(),"销售单价")]/following-sibling::div/input')
INFO 日志名称 [2020-11-11 16:30:29,042] page_创建订单页.py -> line:75 --- 输入采购单价：1500 ---
INFO 日志名称 [2020-11-11 16:30:29,043] base_page.py -> line:27 等待元素：('xpath', '//span[contains(text(),"采购单价")]/following-sibling::div/input') 可见
INFO 日志名称 [2020-11-11 16:30:30,062] base_page.py -> line:53 查找元素：('xpath', '//span[contains(text(),"采购单价")]/following-sibling::div/input')
INFO 日志名称 [2020-11-11 16:30:30,256] page_创建订单页.py -> line:79 --- 输入采购数量：500 ---
INFO 日志名称 [2020-11-11 16:30:30,256] base_page.py -> line:27 等待元素：('xpath', '//span[contains(text(),"采购数量")]/following-sibling::div/input') 可见
INFO 日志名称 [2020-11-11 16:30:31,275] base_page.py -> line:53 查找元素：('xpath', '//span[contains(text(),"采购数量")]/following-sibling::div/input')
INFO 日志名称 [2020-11-11 16:30:31,537] page_创建订单页.py -> line:83 --- 输入结算周期：20 ---
INFO 日志名称 [2020-11-11 16:30:31,537] base_page.py -> line:27 等待元素：('xpath', '//span[contains(text(),"结算周期")]/following-sibling::div/input') 可见
INFO 日志名称 [2020-11-11 16:30:32,558] base_page.py -> line:53 查找元素：('xpath', '//span[contains(text(),"结算周期")]/following-sibling::div/input')
INFO 日志名称 [2020-11-11 16:30:32,631] page_创建订单页.py -> line:111 --- 输入说明：说明信息 ---
INFO 日志名称 [2020-11-11 16:30:32,631] base_page.py -> line:27 等待元素：('xpath', '//span[contains(text(),"说明")]/following-sibling::div/input') 可见
INFO 日志名称 [2020-11-11 16:30:33,665] base_page.py -> line:53 查找元素：('xpath', '//span[contains(text(),"说明")]/following-sibling::div/input')
INFO 日志名称 [2020-11-11 16:30:33,837] page_创建订单页.py -> line:87 --- 输入采购开始时间 ： 2020-11-11 12:00 ---
INFO 日志名称 [2020-11-11 16:30:33,837] base_page.py -> line:27 等待元素：('xpath', '//span[contains(text(),"发布时间")]/following-sibling::div/input') 可见
INFO 日志名称 [2020-11-11 16:30:34,855] base_page.py -> line:53 查找元素：('xpath', '//span[contains(text(),"发布时间")]/following-sibling::div/input')
INFO 日志名称 [2020-11-11 16:30:35,085] page_创建订单页.py -> line:97 --- 输入采购截止时间 ： 2020-12-01 14:00 ---
INFO 日志名称 [2020-11-11 16:30:35,085] base_page.py -> line:27 等待元素：('xpath', '//span[contains(text(),"截止时间")]/following-sibling::div/input') 可见
INFO 日志名称 [2020-11-11 16:30:36,108] base_page.py -> line:53 查找元素：('xpath', '//span[contains(text(),"截止时间")]/following-sibling::div/input')
INFO 日志名称 [2020-11-11 16:30:36,330] page_创建订单页.py -> line:107 --- 设置对供货商可见 ---
INFO 日志名称 [2020-11-11 16:30:36,330] base_page.py -> line:27 等待元素：('xpath', '//span[contains(text(),"供货商可见")]/following-sibling::div//span[contains(text(),"是")]') 可见
INFO 日志名称 [2020-11-11 16:30:37,350] base_page.py -> line:53 查找元素：('xpath', '//span[contains(text(),"供货商可见")]/following-sibling::div//span[contains(text(),"是")]')
INFO 日志名称 [2020-11-11 16:30:37,497] page_创建订单页.py -> line:115 --- 选择采购经理人：徐立楠外部黄牛 ---
INFO 日志名称 [2020-11-11 16:30:37,497] base_page.py -> line:27 等待元素：('xpath', '//div[@class="row el-row"]//span[contains(text(),"采购经理人")]/following-sibling::button') 可见
INFO 日志名称 [2020-11-11 16:30:38,526] base_page.py -> line:53 查找元素：('xpath', '//div[@class="row el-row"]//span[contains(text(),"采购经理人")]/following-sibling::button')
INFO 日志名称 [2020-11-11 16:30:38,733] base_page.py -> line:27 等待元素：('xpath', '//span[text()="选择采购经理人"]/parent::div/following-sibling::div//table[@class="el-table__body"]//tr/td[2]/div') 可见
INFO 日志名称 [2020-11-11 16:30:39,766] base_page.py -> line:69 查找元素：('xpath', '//span[text()="选择采购经理人"]/parent::div/following-sibling::div//table[@class="el-table__body"]//tr/td[2]/div')
INFO 日志名称 [2020-11-11 16:30:39,946] page_创建订单页.py -> line:127 --- 选择采购经理人后，点击确定 ---
INFO 日志名称 [2020-11-11 16:30:39,946] base_page.py -> line:27 等待元素：('xpath', '//span[text()="选择采购经理人"]/parent::div/following-sibling::div//span[text()="确 定"]/parent::button') 可见
INFO 日志名称 [2020-11-11 16:30:40,979] base_page.py -> line:53 查找元素：('xpath', '//span[text()="选择采购经理人"]/parent::div/following-sibling::div//span[text()="确 定"]/parent::button')
INFO 日志名称 [2020-11-11 16:30:41,103] base_page.py -> line:36 等待元素：('xpath', '//p[text()="请选择采购经理人"]') 不可见
INFO 日志名称 [2020-11-11 16:30:42,129] page_创建订单页.py -> line:136 --- 选择采购经理人成功 ---
INFO 日志名称 [2020-11-11 16:30:42,129] page_创建订单页.py -> line:141 --- 点击提交订单 ---
INFO 日志名称 [2020-11-11 16:30:42,130] base_page.py -> line:27 等待元素：('xpath', '//span[text()="提交"]/parent::button') 可见
INFO 日志名称 [2020-11-11 16:30:43,214] base_page.py -> line:53 查找元素：('xpath', '//span[text()="提交"]/parent::button')
INFO 日志名称 [2020-11-11 16:30:43,372] page_创建订单页.py -> line:143 --- 提交订单成功 ---
INFO 日志名称 [2020-11-11 16:30:45,693] test_02_创建订单.py -> line:26 ========== 创建订单 测试用例执行结束 ==========
