INFO 日志名称 [2020-11-12 15:17:03,306] test_04_创建计磅单.py -> line:21 ========== 创建计磅单 测试用例开始执行 ==========
INFO 日志名称 [2020-11-12 15:17:06,960] base_page.py -> line:17 打开网址：http://47.93.37.55:81/#/login
INFO 日志名称 [2020-11-12 15:17:11,187] page_登录页.py -> line:47 --- 输入登录用户名: xxwbxln ---
INFO 日志名称 [2020-11-12 15:17:11,188] base_page.py -> line:27 等待元素：('xpath', '//input[@name="telephone"]') 可见
INFO 日志名称 [2020-11-12 15:17:12,235] base_page.py -> line:53 查找元素：('xpath', '//input[@name="telephone"]')
INFO 日志名称 [2020-11-12 15:17:12,322] page_登录页.py -> line:51 --- 输入登录密码: 123456 ---
INFO 日志名称 [2020-11-12 15:17:12,323] base_page.py -> line:27 等待元素：('xpath', '//input[@name="password"]') 可见
INFO 日志名称 [2020-11-12 15:17:13,348] base_page.py -> line:53 查找元素：('xpath', '//input[@name="password"]')
INFO 日志名称 [2020-11-12 15:17:13,466] page_登录页.py -> line:54 --- 等待手动输入验证码 ---
INFO 日志名称 [2020-11-12 15:17:23,466] page_登录页.py -> line:58 --- 点击登录按钮 ---
INFO 日志名称 [2020-11-12 15:17:23,467] base_page.py -> line:27 等待元素：('xpath', '//span[contains(text(),"立即登录")]/parent::button') 可见
INFO 日志名称 [2020-11-12 15:17:24,532] base_page.py -> line:53 查找元素：('xpath', '//span[contains(text(),"立即登录")]/parent::button')
INFO 日志名称 [2020-11-12 15:17:24,700] page_首页.py -> line:16 --- 等待账套信息可见 ---
INFO 日志名称 [2020-11-12 15:17:24,700] base_page.py -> line:27 等待元素：('xpath', '//p[@class="right-menu-icon-left"]') 可见
INFO 日志名称 [2020-11-12 15:17:26,778] page_首页.py -> line:23 --- 账套信息可见 ---
INFO 日志名称 [2020-11-12 15:17:26,779] login.py -> line:29 --- 登录成功，进入首页 ---
INFO 日志名称 [2020-11-12 15:17:26,780] page_首页.py -> line:51 --- 点击采购管理 ---
INFO 日志名称 [2020-11-12 15:17:26,781] base_page.py -> line:27 等待元素：('xpath', '//span[text()="采购管理"]/parent::div') 可见
INFO 日志名称 [2020-11-12 15:17:27,844] base_page.py -> line:53 查找元素：('xpath', '//span[text()="采购管理"]/parent::div')
INFO 日志名称 [2020-11-12 15:17:27,974] page_首页.py -> line:56 --- 点击计磅单管理 ---
INFO 日志名称 [2020-11-12 15:17:27,975] base_page.py -> line:27 等待元素：('xpath', '//span[text()="计磅单管理"]/parent::li') 可见
INFO 日志名称 [2020-11-12 15:17:29,575] base_page.py -> line:53 查找元素：('xpath', '//span[text()="计磅单管理"]/parent::li')
INFO 日志名称 [2020-11-12 15:17:29,729] page_首页.py -> line:58 --- 进入计磅单管理页 ---
INFO 日志名称 [2020-11-12 15:17:29,730] page_计磅单管理页.py -> line:9 --- 点击未完成标签页 ---
INFO 日志名称 [2020-11-12 15:17:29,731] base_page.py -> line:27 等待元素：('xpath', '//li[text()="未完成"]') 可见
INFO 日志名称 [2020-11-12 15:17:31,021] base_page.py -> line:53 查找元素：('xpath', '//li[text()="未完成"]')
INFO 日志名称 [2020-11-12 15:17:31,131] page_计磅单管理页.py -> line:14 --- 点击创建 ---
INFO 日志名称 [2020-11-12 15:17:31,131] base_page.py -> line:27 等待元素：('xpath', '//span[text()="创建"]/parent::button') 可见
INFO 日志名称 [2020-11-12 15:17:32,162] base_page.py -> line:53 查找元素：('xpath', '//span[text()="创建"]/parent::button')
INFO 日志名称 [2020-11-12 15:17:32,258] page_创建计磅单页.py -> line:10 --- 输入订单编号 ： DD20201111000001 ---
INFO 日志名称 [2020-11-12 15:17:32,258] base_page.py -> line:27 等待元素：('xpath', '//span[contains(text(),"订单编号")]/following-sibling::div/input') 可见
INFO 日志名称 [2020-11-12 15:17:33,939] base_page.py -> line:53 查找元素：('xpath', '//span[contains(text(),"订单编号")]/following-sibling::div/input')
INFO 日志名称 [2020-11-12 15:17:34,261] page_创建计磅单页.py -> line:15 --- 点击采购经理人手机号输入框 ---
INFO 日志名称 [2020-11-12 15:17:34,262] base_page.py -> line:27 等待元素：('xpath', '//span[contains(text(),"经理人手机号")]/following-sibling::div') 可见
INFO 日志名称 [2020-11-12 15:17:35,280] base_page.py -> line:53 查找元素：('xpath', '//span[contains(text(),"经理人手机号")]/following-sibling::div')
INFO 日志名称 [2020-11-12 15:17:35,393] base_page.py -> line:27 等待元素：('xpath', '//div[@aria-label="选择采购经理人"]//td[3]/div') 可见
INFO 日志名称 [2020-11-12 15:17:36,422] base_page.py -> line:69 查找元素：('xpath', '//div[@aria-label="选择采购经理人"]//td[3]/div')
INFO 日志名称 [2020-11-12 15:17:36,591] page_创建计磅单页.py -> line:24 --- 选择采购经理人 ： 17777733332 ---
INFO 日志名称 [2020-11-12 15:17:36,592] page_创建计磅单页.py -> line:27 --- 选择采购经理人后点击确定 ---
INFO 日志名称 [2020-11-12 15:17:36,593] base_page.py -> line:27 等待元素：('xpath', '//span[text()="确 定"]/parent::button') 可见
INFO 日志名称 [2020-11-12 15:17:37,627] base_page.py -> line:53 查找元素：('xpath', '//span[text()="确 定"]/parent::button')
INFO 日志名称 [2020-11-12 15:17:37,788] base_page.py -> line:36 等待元素：('xpath', '//p[text()="请选择采购经理人"]') 不可见
INFO 日志名称 [2020-11-12 15:17:38,803] page_创建计磅单页.py -> line:36 --- 选择采购经理人成功 ---
INFO 日志名称 [2020-11-12 15:17:38,805] page_创建计磅单页.py -> line:42 --- 点击收款账户输入框 ---
INFO 日志名称 [2020-11-12 15:17:38,805] base_page.py -> line:27 等待元素：('xpath', '//span[contains(text(),"收款账户")]/following-sibling::div') 可见
INFO 日志名称 [2020-11-12 15:17:39,841] base_page.py -> line:53 查找元素：('xpath', '//span[contains(text(),"收款账户")]/following-sibling::div')
INFO 日志名称 [2020-11-12 15:17:40,047] base_page.py -> line:27 等待元素：('xpath', '//div[@aria-label="选择收款账户"]//td[2]/div') 可见
INFO 日志名称 [2020-11-12 15:17:41,641] base_page.py -> line:69 查找元素：('xpath', '//div[@aria-label="选择收款账户"]//td[2]/div')
INFO 日志名称 [2020-11-12 15:18:52,633] base_page.py -> line:27 等待元素：('xpath', '//div[@aria-label="选择收款账户"]//td[3]/div') 可见
INFO 日志名称 [2020-11-12 15:18:53,658] base_page.py -> line:69 查找元素：('xpath', '//div[@aria-label="选择收款账户"]//td[3]/div')
INFO 日志名称 [2020-11-12 15:18:53,755] base_page.py -> line:27 等待元素：('xpath', '//div[@aria-label="选择收款账户"]//td[3]/div') 可见
INFO 日志名称 [2020-11-12 15:18:54,775] base_page.py -> line:53 查找元素：('xpath', '//div[@aria-label="选择收款账户"]//td[3]/div')
INFO 日志名称 [2020-11-12 15:18:54,887] page_创建计磅单页.py -> line:59 --- 选择收款账户成功 ---
ERROR 日志名称 [2020-11-12 15:18:54,887] page_创建计磅单页.py -> line:64 --- 选择的收款账户姓名不存在 ---
Traceback (most recent call last):
  File "E:\XLN_WorkSpace\study_web_unit\pageobject\计磅单管理\page_创建计磅单页.py", line 53, in select_bank_card
    try:
IndexError: list index out of range
INFO 日志名称 [2020-11-12 15:18:57,161] test_04_创建计磅单.py -> line:25 ========== 创建计磅单 测试用例执行结束 ==========
