INFO 日志名称 [2020-11-11 16:11:13,201] test_02_创建订单.py -> line:22 ========== 创建订单 测试用例开始执行 ==========
INFO 日志名称 [2020-11-11 16:11:16,902] base_page.py -> line:17 打开网址：http://47.93.37.55:81/#/login
INFO 日志名称 [2020-11-11 16:11:21,452] page_登录页.py -> line:47 --- 输入登录用户名: xxwbxln ---
INFO 日志名称 [2020-11-11 16:11:21,452] base_page.py -> line:27 等待元素：('xpath', '//input[@name="telephone"]') 可见
INFO 日志名称 [2020-11-11 16:11:22,496] base_page.py -> line:53 查找元素：('xpath', '//input[@name="telephone"]')
INFO 日志名称 [2020-11-11 16:11:22,577] page_登录页.py -> line:51 --- 输入登录密码: 123456 ---
INFO 日志名称 [2020-11-11 16:11:22,578] base_page.py -> line:27 等待元素：('xpath', '//input[@name="password"]') 可见
INFO 日志名称 [2020-11-11 16:11:23,602] base_page.py -> line:53 查找元素：('xpath', '//input[@name="password"]')
INFO 日志名称 [2020-11-11 16:11:23,719] page_登录页.py -> line:54 --- 等待手动输入验证码 ---
INFO 日志名称 [2020-11-11 16:11:33,719] page_登录页.py -> line:58 --- 点击登录按钮 ---
INFO 日志名称 [2020-11-11 16:11:33,719] base_page.py -> line:27 等待元素：('xpath', '//span[contains(text(),"立即登录")]/parent::button') 可见
INFO 日志名称 [2020-11-11 16:11:34,780] base_page.py -> line:53 查找元素：('xpath', '//span[contains(text(),"立即登录")]/parent::button')
INFO 日志名称 [2020-11-11 16:11:34,917] page_登录页.py -> line:60 --- 登录成功，进入首页 ---
INFO 日志名称 [2020-11-11 16:11:34,918] page_首页.py -> line:28 --- 点击供货管理 ---
INFO 日志名称 [2020-11-11 16:11:34,918] base_page.py -> line:27 等待元素：('xpath', '//span[text()="供货管理"]/parent::div') 可见
INFO 日志名称 [2020-11-11 16:11:36,981] base_page.py -> line:53 查找元素：('xpath', '//span[text()="供货管理"]/parent::div')
INFO 日志名称 [2020-11-11 16:11:37,093] page_首页.py -> line:34 --- 点击订单管理 ---
INFO 日志名称 [2020-11-11 16:11:37,093] base_page.py -> line:27 等待元素：('xpath', '//span[text()="订单管理"]/parent::li') 可见
INFO 日志名称 [2020-11-11 16:11:38,128] base_page.py -> line:53 查找元素：('xpath', '//span[text()="订单管理"]/parent::li')
INFO 日志名称 [2020-11-11 16:11:38,284] page_首页.py -> line:36 --- 进入订单管理页 ---
INFO 日志名称 [2020-11-11 16:11:38,284] page_订单管理页.py -> line:11 --- 点击创建订单按钮 ---
INFO 日志名称 [2020-11-11 16:11:38,284] base_page.py -> line:27 等待元素：('xpath', '//span[text()="创建"]/parent::button') 可见
INFO 日志名称 [2020-11-11 16:11:39,898] base_page.py -> line:53 查找元素：('xpath', '//span[text()="创建"]/parent::button')
INFO 日志名称 [2020-11-11 16:11:40,029] page_订单管理页.py -> line:13 --- 成功进入创建订单页面 ---
INFO 日志名称 [2020-11-11 16:11:40,031] page_创建订单页.py -> line:10 --- 选择采购类别：定价 ---
INFO 日志名称 [2020-11-11 16:11:40,031] base_page.py -> line:27 等待元素：('xpath', '//span/parent::label') 可见
INFO 日志名称 [2020-11-11 16:11:41,584] base_page.py -> line:69 查找元素：('xpath', '//span/parent::label')
INFO 日志名称 [2020-11-11 16:11:41,768] page_创建订单页.py -> line:23 --- 选择生产企业：天津市天重江天重工有限公司 ---
INFO 日志名称 [2020-11-11 16:11:41,768] base_page.py -> line:27 等待元素：('xpath', '//div[@class="zhe"]') 可见
INFO 日志名称 [2020-11-11 16:11:42,794] base_page.py -> line:53 查找元素：('xpath', '//div[@class="zhe"]')
INFO 日志名称 [2020-11-11 16:11:42,995] base_page.py -> line:27 等待元素：('xpath', '//tbody//tr/td[2]/div') 可见
INFO 日志名称 [2020-11-11 16:11:44,576] base_page.py -> line:69 查找元素：('xpath', '//tbody//tr/td[2]/div')
INFO 日志名称 [2020-11-11 16:11:45,034] page_创建订单页.py -> line:35 --- 选择生产企业后，点击确定 ---
INFO 日志名称 [2020-11-11 16:11:45,034] base_page.py -> line:27 等待元素：('xpath', '//span[text()="选择生产企业"]/parent::div/following-sibling::div//span[text()="确 定"]/parent::button') 可见
INFO 日志名称 [2020-11-11 16:11:46,054] base_page.py -> line:53 查找元素：('xpath', '//span[text()="选择生产企业"]/parent::div/following-sibling::div//span[text()="确 定"]/parent::button')
INFO 日志名称 [2020-11-11 16:11:46,183] base_page.py -> line:36 等待元素：('xpath', '//p[text()="请选择生产企业"]') 不可见
INFO 日志名称 [2020-11-11 16:11:47,205] page_创建订单页.py -> line:45 --- 选择生产企业成功 ---
INFO 日志名称 [2020-11-11 16:11:47,205] base_page.py -> line:27 等待元素：('xpath', '//span[contains(text(),"地址")]/following-sibling::div/input') 可见
INFO 日志名称 [2020-11-11 16:11:48,283] base_page.py -> line:53 查找元素：('xpath', '//span[contains(text(),"地址")]/following-sibling::div/input')
INFO 日志名称 [2020-11-11 16:11:48,338] page_创建订单页.py -> line:54 --- 输入详细地址：详细地址信息 ---
INFO 日志名称 [2020-11-11 16:11:48,338] base_page.py -> line:27 等待元素：('xpath', '//span[contains(text(),"地址")]/following-sibling::div/input') 可见
INFO 日志名称 [2020-11-11 16:11:49,370] base_page.py -> line:53 查找元素：('xpath', '//span[contains(text(),"地址")]/following-sibling::div/input')
INFO 日志名称 [2020-11-11 16:11:49,661] page_创建订单页.py -> line:59 --- 选择料型 ---
INFO 日志名称 [2020-11-11 16:11:49,662] base_page.py -> line:27 等待元素：('xpath', '//span[contains(text(),"料型")]/following-sibling::div//input') 可见
INFO 日志名称 [2020-11-11 16:11:50,682] base_page.py -> line:53 查找元素：('xpath', '//span[contains(text(),"料型")]/following-sibling::div//input')
INFO 日志名称 [2020-11-11 16:11:50,813] page_创建订单页.py -> line:61 --- 选择板料 ---
INFO 日志名称 [2020-11-11 16:11:50,814] base_page.py -> line:27 等待元素：('xpath', '//span[text()="板料"]') 可见
INFO 日志名称 [2020-11-11 16:11:52,402] base_page.py -> line:53 查找元素：('xpath', '//span[text()="板料"]')
INFO 日志名称 [2020-11-11 16:11:52,532] page_创建订单页.py -> line:63 --- 选择一级 ---
INFO 日志名称 [2020-11-11 16:11:52,532] base_page.py -> line:27 等待元素：('xpath', '//span[text()="一级"]') 可见
INFO 日志名称 [2020-11-11 16:11:53,566] base_page.py -> line:53 查找元素：('xpath', '//span[text()="一级"]')
INFO 日志名称 [2020-11-11 16:11:53,668] page_创建订单页.py -> line:67 --- 输入规格：规格描述信息 ---
INFO 日志名称 [2020-11-11 16:11:53,668] base_page.py -> line:27 等待元素：('xpath', '//span[contains(text(),"规格")]/following-sibling::div/input') 可见
INFO 日志名称 [2020-11-11 16:11:54,706] base_page.py -> line:53 查找元素：('xpath', '//span[contains(text(),"规格")]/following-sibling::div/input')
INFO 日志名称 [2020-11-11 16:11:54,860] page_创建订单页.py -> line:71 --- 输入销售单价：2000 ---
INFO 日志名称 [2020-11-11 16:11:54,860] base_page.py -> line:27 等待元素：('xpath', '//span[contains(text(),"销售单价")]/following-sibling::div/input') 可见
INFO 日志名称 [2020-11-11 16:11:55,880] base_page.py -> line:53 查找元素：('xpath', '//span[contains(text(),"销售单价")]/following-sibling::div/input')
INFO 日志名称 [2020-11-11 16:11:56,034] page_创建订单页.py -> line:75 --- 输入采购单价：1500 ---
INFO 日志名称 [2020-11-11 16:11:56,035] base_page.py -> line:27 等待元素：('xpath', '//span[contains(text(),"采购单价")]/following-sibling::div/input') 可见
INFO 日志名称 [2020-11-11 16:11:57,055] base_page.py -> line:53 查找元素：('xpath', '//span[contains(text(),"采购单价")]/following-sibling::div/input')
INFO 日志名称 [2020-11-11 16:11:57,226] page_创建订单页.py -> line:79 --- 输入采购数量：500 ---
INFO 日志名称 [2020-11-11 16:11:57,226] base_page.py -> line:27 等待元素：('xpath', '//span[contains(text(),"采购数量")]/following-sibling::div/input') 可见
INFO 日志名称 [2020-11-11 16:11:58,245] base_page.py -> line:53 查找元素：('xpath', '//span[contains(text(),"采购数量")]/following-sibling::div/input')
INFO 日志名称 [2020-11-11 16:11:58,458] page_创建订单页.py -> line:83 --- 输入结算周期：20 ---
INFO 日志名称 [2020-11-11 16:11:58,459] base_page.py -> line:27 等待元素：('xpath', '//span[contains(text(),"结算周期")]/following-sibling::div/input') 可见
INFO 日志名称 [2020-11-11 16:11:59,499] base_page.py -> line:53 查找元素：('xpath', '//span[contains(text(),"结算周期")]/following-sibling::div/input')
INFO 日志名称 [2020-11-11 16:11:59,629] page_创建订单页.py -> line:111 --- 输入说明：说明信息 ---
INFO 日志名称 [2020-11-11 16:11:59,629] base_page.py -> line:27 等待元素：('xpath', '//span[contains(text(),"说明")]/following-sibling::div/input') 可见
INFO 日志名称 [2020-11-11 16:12:00,650] base_page.py -> line:53 查找元素：('xpath', '//span[contains(text(),"说明")]/following-sibling::div/input')
INFO 日志名称 [2020-11-11 16:12:00,805] page_创建订单页.py -> line:87 --- 输入采购开始时间 ： 2020-11-11 12:00 ---
INFO 日志名称 [2020-11-11 16:12:00,805] base_page.py -> line:27 等待元素：('xpath', '//span[contains(text(),"发布时间")]/following-sibling::div/input') 可见
INFO 日志名称 [2020-11-11 16:12:01,824] base_page.py -> line:53 查找元素：('xpath', '//span[contains(text(),"发布时间")]/following-sibling::div/input')
INFO 日志名称 [2020-11-11 16:12:02,011] base_page.py -> line:27 等待元素：('xpath', '//div[@class="el-picker-panel el-date-picker el-popper has-time"][1]//input[@placeholder="选择日期"]') 可见
INFO 日志名称 [2020-11-11 16:12:03,579] base_page.py -> line:53 查找元素：('xpath', '//div[@class="el-picker-panel el-date-picker el-popper has-time"][1]//input[@placeholder="选择日期"]')
INFO 日志名称 [2020-11-11 16:12:03,713] base_page.py -> line:27 等待元素：('xpath', '//div[@class="el-picker-panel el-date-picker el-popper has-time"][1]//input[@placeholder="选择日期"]') 可见
INFO 日志名称 [2020-11-11 16:12:04,740] base_page.py -> line:53 查找元素：('xpath', '//div[@class="el-picker-panel el-date-picker el-popper has-time"][1]//input[@placeholder="选择日期"]')
INFO 日志名称 [2020-11-11 16:12:04,925] base_page.py -> line:27 等待元素：('xpath', '//div[@class="el-picker-panel el-date-picker el-popper has-time"][1]//input[@placeholder="选择时间"]') 可见
INFO 日志名称 [2020-11-11 16:12:05,948] base_page.py -> line:53 查找元素：('xpath', '//div[@class="el-picker-panel el-date-picker el-popper has-time"][1]//input[@placeholder="选择时间"]')
INFO 日志名称 [2020-11-11 16:12:06,140] base_page.py -> line:27 等待元素：('xpath', '//div[@class="el-picker-panel el-date-picker el-popper has-time"][1]//input[@placeholder="选择时间"]') 可见
INFO 日志名称 [2020-11-11 16:12:07,169] base_page.py -> line:53 查找元素：('xpath', '//div[@class="el-picker-panel el-date-picker el-popper has-time"][1]//input[@placeholder="选择时间"]')
INFO 日志名称 [2020-11-11 16:12:07,334] base_page.py -> line:27 等待元素：('xpath', '//button[contains(text(),"确定")]') 可见
INFO 日志名称 [2020-11-11 16:12:08,353] base_page.py -> line:53 查找元素：('xpath', '//button[contains(text(),"确定")]')
INFO 日志名称 [2020-11-11 16:12:08,519] base_page.py -> line:27 等待元素：('xpath', '//div[@class="el-picker-panel__footer"]//span[contains(text(),"确定")]/parent::button') 可见
INFO 日志名称 [2020-11-11 16:12:09,549] base_page.py -> line:53 查找元素：('xpath', '//div[@class="el-picker-panel__footer"]//span[contains(text(),"确定")]/parent::button')
INFO 日志名称 [2020-11-11 16:12:09,693] page_创建订单页.py -> line:97 --- 输入采购截止时间 ： 2020-12-01 14:00 ---
INFO 日志名称 [2020-11-11 16:12:09,694] base_page.py -> line:27 等待元素：('xpath', '//span[contains(text(),"截止时间")]/following-sibling::div/input') 可见
INFO 日志名称 [2020-11-11 16:12:10,742] base_page.py -> line:53 查找元素：('xpath', '//span[contains(text(),"截止时间")]/following-sibling::div/input')
INFO 日志名称 [2020-11-11 16:12:11,007] base_page.py -> line:27 等待元素：('xpath', '//div[@class="el-picker-panel el-date-picker el-popper has-time"][1]//input[@placeholder="选择日期"]') 可见
ERROR 日志名称 [2020-11-11 16:12:31,453] base_page.py -> line:33 等待元素：('xpath', '//div[@class="el-picker-panel el-date-picker el-popper has-time"][1]//input[@placeholder="选择日期"]') 可见失败
Traceback (most recent call last):
  File "E:\XLN_WorkSpace\study_web_unit\pageobject\base_page.py", line 30, in wait_ele_visible
    wait.until(EC.visibility_of_element_located(loc))
  File "E:\my_install\anaconda\lib\site-packages\selenium\webdriver\support\wait.py", line 80, in until
    raise TimeoutException(message, screen, stacktrace)
selenium.common.exceptions.TimeoutException: Message: 

INFO 日志名称 [2020-11-11 16:12:33,729] test_02_创建订单.py -> line:26 ========== 创建订单 测试用例执行结束 ==========
