INFO 日志名称 [2020-11-12 09:56:29,198] test_03_查询订单.py -> line:20 ========== 查询订单 测试用例开始执行 ==========
INFO 日志名称 [2020-11-12 09:56:32,702] base_page.py -> line:17 打开网址：http://47.93.37.55:81/#/login
INFO 日志名称 [2020-11-12 09:56:37,106] page_登录页.py -> line:47 --- 输入登录用户名: xxwbxln ---
INFO 日志名称 [2020-11-12 09:56:37,106] base_page.py -> line:27 等待元素：('xpath', '//input[@name="telephone"]') 可见
INFO 日志名称 [2020-11-12 09:56:38,146] base_page.py -> line:53 查找元素：('xpath', '//input[@name="telephone"]')
INFO 日志名称 [2020-11-12 09:56:38,228] page_登录页.py -> line:51 --- 输入登录密码: 123456 ---
INFO 日志名称 [2020-11-12 09:56:38,229] base_page.py -> line:27 等待元素：('xpath', '//input[@name="password"]') 可见
INFO 日志名称 [2020-11-12 09:56:39,254] base_page.py -> line:53 查找元素：('xpath', '//input[@name="password"]')
INFO 日志名称 [2020-11-12 09:56:39,368] page_登录页.py -> line:54 --- 等待手动输入验证码 ---
INFO 日志名称 [2020-11-12 09:56:49,369] page_登录页.py -> line:58 --- 点击登录按钮 ---
INFO 日志名称 [2020-11-12 09:56:49,370] base_page.py -> line:27 等待元素：('xpath', '//span[contains(text(),"立即登录")]/parent::button') 可见
INFO 日志名称 [2020-11-12 09:56:50,429] base_page.py -> line:53 查找元素：('xpath', '//span[contains(text(),"立即登录")]/parent::button')
INFO 日志名称 [2020-11-12 09:56:50,647] base_page.py -> line:27 等待元素：('xpath', '//p[@class="right-menu-icon-left"]') 可见
INFO 日志名称 [2020-11-12 09:56:52,715] login.py -> line:29 --- 登录成功，进入首页 ---
INFO 日志名称 [2020-11-12 09:56:52,715] page_首页.py -> line:28 --- 点击供货管理 ---
INFO 日志名称 [2020-11-12 09:56:52,716] base_page.py -> line:27 等待元素：('xpath', '//span[text()="供货管理"]/parent::div') 可见
INFO 日志名称 [2020-11-12 09:56:53,793] base_page.py -> line:53 查找元素：('xpath', '//span[text()="供货管理"]/parent::div')
INFO 日志名称 [2020-11-12 09:56:53,904] page_首页.py -> line:34 --- 点击订单管理 ---
INFO 日志名称 [2020-11-12 09:56:53,905] base_page.py -> line:27 等待元素：('xpath', '//span[text()="订单管理"]/parent::li') 可见
INFO 日志名称 [2020-11-12 09:56:54,945] base_page.py -> line:53 查找元素：('xpath', '//span[text()="订单管理"]/parent::li')
INFO 日志名称 [2020-11-12 09:56:55,066] page_首页.py -> line:36 --- 进入订单管理页 ---
INFO 日志名称 [2020-11-12 09:56:55,067] page_订单管理页.py -> line:16 --- 输入采购编号 ---
INFO 日志名称 [2020-11-12 09:56:55,067] base_page.py -> line:27 等待元素：('xpath', '//input[@placeholder="请输入采购编号"]') 可见
INFO 日志名称 [2020-11-12 09:56:56,680] base_page.py -> line:53 查找元素：('xpath', '//input[@placeholder="请输入采购编号"]')
INFO 日志名称 [2020-11-12 09:56:56,790] base_page.py -> line:27 等待元素：('xpath', '//input[@placeholder="请输入采购编号"]') 可见
INFO 日志名称 [2020-11-12 09:56:57,819] base_page.py -> line:53 查找元素：('xpath', '//input[@placeholder="请输入采购编号"]')
INFO 日志名称 [2020-11-12 09:56:58,745] page_订单管理页.py -> line:26 --- 点击查询 ---
INFO 日志名称 [2020-11-12 09:56:58,745] base_page.py -> line:27 等待元素：('xpath', '//span[text()="查询"]/parent::button') 可见
INFO 日志名称 [2020-11-12 09:56:59,776] base_page.py -> line:53 查找元素：('xpath', '//span[text()="查询"]/parent::button')
INFO 日志名称 [2020-11-12 09:56:59,912] base_page.py -> line:27 等待元素：('xpath', '//tr[@class="el-table__row"]//td//div') 可见
INFO 日志名称 [2020-11-12 09:57:00,936] base_page.py -> line:69 查找元素：('xpath', '//tr[@class="el-table__row"]//td//div')
INFO 日志名称 [2020-11-12 09:57:07,007] base_page.py -> line:17 打开网址：http://47.93.37.55:81/#/login
INFO 日志名称 [2020-11-12 09:57:11,438] page_登录页.py -> line:47 --- 输入登录用户名: xxwbxln ---
INFO 日志名称 [2020-11-12 09:57:11,439] base_page.py -> line:27 等待元素：('xpath', '//input[@name="telephone"]') 可见
INFO 日志名称 [2020-11-12 09:57:12,503] base_page.py -> line:53 查找元素：('xpath', '//input[@name="telephone"]')
INFO 日志名称 [2020-11-12 09:57:12,700] page_登录页.py -> line:51 --- 输入登录密码: 123456 ---
INFO 日志名称 [2020-11-12 09:57:12,700] base_page.py -> line:27 等待元素：('xpath', '//input[@name="password"]') 可见
INFO 日志名称 [2020-11-12 09:57:13,729] base_page.py -> line:53 查找元素：('xpath', '//input[@name="password"]')
INFO 日志名称 [2020-11-12 09:57:13,843] page_登录页.py -> line:54 --- 等待手动输入验证码 ---
INFO 日志名称 [2020-11-12 09:57:23,844] page_登录页.py -> line:58 --- 点击登录按钮 ---
INFO 日志名称 [2020-11-12 09:57:23,844] base_page.py -> line:27 等待元素：('xpath', '//span[contains(text(),"立即登录")]/parent::button') 可见
INFO 日志名称 [2020-11-12 09:57:24,912] base_page.py -> line:53 查找元素：('xpath', '//span[contains(text(),"立即登录")]/parent::button')
INFO 日志名称 [2020-11-12 09:57:25,084] base_page.py -> line:27 等待元素：('xpath', '//p[@class="right-menu-icon-left"]') 可见
ERROR 日志名称 [2020-11-12 09:57:45,555] base_page.py -> line:33 等待元素：('xpath', '//p[@class="right-menu-icon-left"]') 可见失败
Traceback (most recent call last):
  File "E:\XLN_WorkSpace\study_web_unit\pageobject\base_page.py", line 30, in wait_ele_visible
    wait.until(EC.visibility_of_element_located(loc))
  File "E:\my_install\anaconda\lib\site-packages\selenium\webdriver\support\wait.py", line 80, in until
    raise TimeoutException(message, screen, stacktrace)
selenium.common.exceptions.TimeoutException: Message: 

INFO 日志名称 [2020-11-12 09:57:45,559] page_首页.py -> line:28 --- 点击供货管理 ---
INFO 日志名称 [2020-11-12 09:57:45,559] base_page.py -> line:27 等待元素：('xpath', '//span[text()="供货管理"]/parent::div') 可见
ERROR 日志名称 [2020-11-12 09:58:06,064] base_page.py -> line:33 等待元素：('xpath', '//span[text()="供货管理"]/parent::div') 可见失败
Traceback (most recent call last):
  File "E:\XLN_WorkSpace\study_web_unit\pageobject\base_page.py", line 30, in wait_ele_visible
    wait.until(EC.visibility_of_element_located(loc))
  File "E:\my_install\anaconda\lib\site-packages\selenium\webdriver\support\wait.py", line 80, in until
    raise TimeoutException(message, screen, stacktrace)
selenium.common.exceptions.TimeoutException: Message: 

INFO 日志名称 [2020-11-12 09:58:08,322] test_03_查询订单.py -> line:24 ========== 查询订单 测试用例执行结束 ==========
