INFO 日志名称 [2020-11-12 10:12:32,580] test_03_查询订单.py -> line:20 ========== 查询订单 测试用例开始执行 ==========
INFO 日志名称 [2020-11-12 10:12:36,099] base_page.py -> line:17 打开网址：http://47.93.37.55:81/#/login
INFO 日志名称 [2020-11-12 10:12:40,375] page_登录页.py -> line:47 --- 输入登录用户名: xxwbxln ---
INFO 日志名称 [2020-11-12 10:12:40,376] base_page.py -> line:27 等待元素：('xpath', '//input[@name="telephone"]') 可见
INFO 日志名称 [2020-11-12 10:12:41,426] base_page.py -> line:53 查找元素：('xpath', '//input[@name="telephone"]')
INFO 日志名称 [2020-11-12 10:12:41,573] page_登录页.py -> line:51 --- 输入登录密码: 123456 ---
INFO 日志名称 [2020-11-12 10:12:41,574] base_page.py -> line:27 等待元素：('xpath', '//input[@name="password"]') 可见
INFO 日志名称 [2020-11-12 10:12:42,597] base_page.py -> line:53 查找元素：('xpath', '//input[@name="password"]')
INFO 日志名称 [2020-11-12 10:12:42,733] page_登录页.py -> line:54 --- 等待手动输入验证码 ---
INFO 日志名称 [2020-11-12 10:12:52,734] page_登录页.py -> line:58 --- 点击登录按钮 ---
INFO 日志名称 [2020-11-12 10:12:52,735] base_page.py -> line:27 等待元素：('xpath', '//span[contains(text(),"立即登录")]/parent::button') 可见
INFO 日志名称 [2020-11-12 10:12:53,790] base_page.py -> line:53 查找元素：('xpath', '//span[contains(text(),"立即登录")]/parent::button')
INFO 日志名称 [2020-11-12 10:12:53,979] page_首页.py -> line:15 --- 等待账套信息可见 ---
INFO 日志名称 [2020-11-12 10:12:53,980] base_page.py -> line:27 等待元素：('xpath', '//p[@class="right-menu-icon-left"]') 可见
INFO 日志名称 [2020-11-12 10:12:56,126] login.py -> line:29 --- 登录成功，进入首页 ---
INFO 日志名称 [2020-11-12 10:12:56,126] page_首页.py -> line:29 --- 点击供货管理 ---
INFO 日志名称 [2020-11-12 10:12:56,127] base_page.py -> line:27 等待元素：('xpath', '//span[text()="供货管理"]/parent::div') 可见
INFO 日志名称 [2020-11-12 10:12:57,176] base_page.py -> line:53 查找元素：('xpath', '//span[text()="供货管理"]/parent::div')
INFO 日志名称 [2020-11-12 10:12:57,292] page_首页.py -> line:35 --- 点击订单管理 ---
INFO 日志名称 [2020-11-12 10:12:57,293] base_page.py -> line:27 等待元素：('xpath', '//span[text()="订单管理"]/parent::li') 可见
INFO 日志名称 [2020-11-12 10:12:58,318] base_page.py -> line:53 查找元素：('xpath', '//span[text()="订单管理"]/parent::li')
INFO 日志名称 [2020-11-12 10:12:58,450] page_首页.py -> line:37 --- 进入订单管理页 ---
INFO 日志名称 [2020-11-12 10:12:58,450] page_订单管理页.py -> line:16 --- 输入采购编号 ---
INFO 日志名称 [2020-11-12 10:12:58,450] base_page.py -> line:27 等待元素：('xpath', '//input[@placeholder="请输入采购编号"]') 可见
INFO 日志名称 [2020-11-12 10:12:59,689] base_page.py -> line:53 查找元素：('xpath', '//input[@placeholder="请输入采购编号"]')
INFO 日志名称 [2020-11-12 10:12:59,813] base_page.py -> line:27 等待元素：('xpath', '//input[@placeholder="请输入采购编号"]') 可见
INFO 日志名称 [2020-11-12 10:13:00,831] base_page.py -> line:53 查找元素：('xpath', '//input[@placeholder="请输入采购编号"]')
INFO 日志名称 [2020-11-12 10:13:01,772] page_订单管理页.py -> line:26 --- 点击查询 ---
INFO 日志名称 [2020-11-12 10:13:01,772] base_page.py -> line:27 等待元素：('xpath', '//span[text()="查询"]/parent::button') 可见
INFO 日志名称 [2020-11-12 10:13:02,799] base_page.py -> line:53 查找元素：('xpath', '//span[text()="查询"]/parent::button')
INFO 日志名称 [2020-11-12 10:13:02,965] page_订单管理页.py -> line:30 --- 判断是否查询到结果 ---
INFO 日志名称 [2020-11-12 10:13:02,965] base_page.py -> line:27 等待元素：('xpath', '//tr[@class="el-table__row"]//td//div') 可见
INFO 日志名称 [2020-11-12 10:13:04,017] base_page.py -> line:69 查找元素：('xpath', '//tr[@class="el-table__row"]//td//div')
INFO 日志名称 [2020-11-12 10:13:04,164] page_订单管理页.py -> line:37 --- 查询到结果 ---
INFO 日志名称 [2020-11-12 10:13:04,164] test_03_查询订单.py -> line:49 --- 断言成功 ---
INFO 日志名称 [2020-11-12 10:13:06,455] test_03_查询订单.py -> line:24 ========== 查询订单 测试用例执行结束 ==========
