INFO 日志名称 [2020-11-12 17:19:14,484] test_04_创建计磅单.py -> line:21 ========== 创建计磅单 测试用例开始执行 ==========
INFO 日志名称 [2020-11-12 17:19:18,128] base_page.py -> line:17 打开网址：http://47.93.37.55:81/#/login
INFO 日志名称 [2020-11-12 17:19:23,142] page_登录页.py -> line:47 --- 输入登录用户名: xxwbxln ---
INFO 日志名称 [2020-11-12 17:19:23,142] base_page.py -> line:27 等待元素：('xpath', '//input[@name="telephone"]') 可见
INFO 日志名称 [2020-11-12 17:19:24,166] base_page.py -> line:53 查找元素：('xpath', '//input[@name="telephone"]')
INFO 日志名称 [2020-11-12 17:19:24,295] page_登录页.py -> line:51 --- 输入登录密码: 123456 ---
INFO 日志名称 [2020-11-12 17:19:24,296] base_page.py -> line:27 等待元素：('xpath', '//input[@name="password"]') 可见
INFO 日志名称 [2020-11-12 17:19:25,317] base_page.py -> line:53 查找元素：('xpath', '//input[@name="password"]')
INFO 日志名称 [2020-11-12 17:19:25,534] page_登录页.py -> line:54 --- 等待手动输入验证码 ---
INFO 日志名称 [2020-11-12 17:19:35,535] page_登录页.py -> line:58 --- 点击登录按钮 ---
INFO 日志名称 [2020-11-12 17:19:35,535] base_page.py -> line:27 等待元素：('xpath', '//span[contains(text(),"立即登录")]/parent::button') 可见
INFO 日志名称 [2020-11-12 17:19:36,599] base_page.py -> line:53 查找元素：('xpath', '//span[contains(text(),"立即登录")]/parent::button')
INFO 日志名称 [2020-11-12 17:19:36,801] page_首页.py -> line:16 --- 等待账套信息可见 ---
INFO 日志名称 [2020-11-12 17:19:36,802] base_page.py -> line:27 等待元素：('xpath', '//p[@class="right-menu-icon-left"]') 可见
ERROR 日志名称 [2020-11-12 17:19:57,084] base_page.py -> line:33 等待元素：('xpath', '//p[@class="right-menu-icon-left"]') 可见失败
Traceback (most recent call last):
  File "E:\XLN_WorkSpace\study_web_unit\pageobject\base_page.py", line 30, in wait_ele_visible
    wait.until(EC.visibility_of_element_located(loc))
  File "E:\my_install\anaconda\lib\site-packages\selenium\webdriver\support\wait.py", line 80, in until
    raise TimeoutException(message, screen, stacktrace)
selenium.common.exceptions.TimeoutException: Message: 

ERROR 日志名称 [2020-11-12 17:19:57,087] page_首页.py -> line:20 --- 账套信息不可见 ---
Traceback (most recent call last):
  File "E:\XLN_WorkSpace\study_web_unit\pageobject\page_首页.py", line 18, in is_user_exist
    self.wait_ele_visible(loc.user_info_loc)
  File "E:\XLN_WorkSpace\study_web_unit\pageobject\base_page.py", line 30, in wait_ele_visible
    wait.until(EC.visibility_of_element_located(loc))
  File "E:\my_install\anaconda\lib\site-packages\selenium\webdriver\support\wait.py", line 80, in until
    raise TimeoutException(message, screen, stacktrace)
selenium.common.exceptions.TimeoutException: Message: 

INFO 日志名称 [2020-11-12 17:19:57,090] page_首页.py -> line:51 --- 点击采购管理 ---
INFO 日志名称 [2020-11-12 17:19:57,091] base_page.py -> line:27 等待元素：('xpath', '//span[text()="采购管理"]/parent::div') 可见
ERROR 日志名称 [2020-11-12 17:20:17,405] base_page.py -> line:33 等待元素：('xpath', '//span[text()="采购管理"]/parent::div') 可见失败
Traceback (most recent call last):
  File "E:\XLN_WorkSpace\study_web_unit\pageobject\base_page.py", line 30, in wait_ele_visible
    wait.until(EC.visibility_of_element_located(loc))
  File "E:\my_install\anaconda\lib\site-packages\selenium\webdriver\support\wait.py", line 80, in until
    raise TimeoutException(message, screen, stacktrace)
selenium.common.exceptions.TimeoutException: Message: 

INFO 日志名称 [2020-11-12 17:20:19,693] test_04_创建计磅单.py -> line:25 ========== 创建计磅单 测试用例执行结束 ==========
