INFO 日志名称 [2020-11-12 09:42:15,632] test_03_查询订单.py -> line:20 ========== 查询订单 测试用例开始执行 ==========
INFO 日志名称 [2020-11-12 09:42:19,312] base_page.py -> line:17 打开网址：http://47.93.37.55:81/#/login
INFO 日志名称 [2020-11-12 09:42:23,728] page_登录页.py -> line:47 --- 输入登录用户名: xxwbxln ---
INFO 日志名称 [2020-11-12 09:42:23,729] base_page.py -> line:27 等待元素：('xpath', '//input[@name="telephone"]') 可见
INFO 日志名称 [2020-11-12 09:42:24,807] base_page.py -> line:53 查找元素：('xpath', '//input[@name="telephone"]')
INFO 日志名称 [2020-11-12 09:42:24,967] page_登录页.py -> line:51 --- 输入登录密码: 123456 ---
INFO 日志名称 [2020-11-12 09:42:24,968] base_page.py -> line:27 等待元素：('xpath', '//input[@name="password"]') 可见
INFO 日志名称 [2020-11-12 09:42:25,989] base_page.py -> line:53 查找元素：('xpath', '//input[@name="password"]')
INFO 日志名称 [2020-11-12 09:42:26,109] page_登录页.py -> line:54 --- 等待手动输入验证码 ---
INFO 日志名称 [2020-11-12 09:42:36,110] page_登录页.py -> line:58 --- 点击登录按钮 ---
INFO 日志名称 [2020-11-12 09:42:36,110] base_page.py -> line:27 等待元素：('xpath', '//span[contains(text(),"立即登录")]/parent::button') 可见
INFO 日志名称 [2020-11-12 09:42:37,170] base_page.py -> line:53 查找元素：('xpath', '//span[contains(text(),"立即登录")]/parent::button')
INFO 日志名称 [2020-11-12 09:42:37,362] page_登录页.py -> line:60 --- 登录成功，进入首页 ---
INFO 日志名称 [2020-11-12 09:42:37,363] page_首页.py -> line:28 --- 点击供货管理 ---
INFO 日志名称 [2020-11-12 09:42:37,363] base_page.py -> line:27 等待元素：('xpath', '//span[text()="供货管理"]/parent::div') 可见
INFO 日志名称 [2020-11-12 09:42:39,427] base_page.py -> line:53 查找元素：('xpath', '//span[text()="供货管理"]/parent::div')
INFO 日志名称 [2020-11-12 09:42:39,571] page_首页.py -> line:34 --- 点击订单管理 ---
INFO 日志名称 [2020-11-12 09:42:39,572] base_page.py -> line:27 等待元素：('xpath', '//span[text()="订单管理"]/parent::li') 可见
INFO 日志名称 [2020-11-12 09:42:40,599] base_page.py -> line:53 查找元素：('xpath', '//span[text()="订单管理"]/parent::li')
INFO 日志名称 [2020-11-12 09:42:40,749] page_首页.py -> line:36 --- 进入订单管理页 ---
INFO 日志名称 [2020-11-12 09:42:40,749] page_订单管理页.py -> line:16 --- 输入采购编号 ---
INFO 日志名称 [2020-11-12 09:42:40,750] base_page.py -> line:27 等待元素：('xpath', '//input[@placeholder="请输入采购编号"]') 可见
INFO 日志名称 [2020-11-12 09:42:42,478] base_page.py -> line:53 查找元素：('xpath', '//input[@placeholder="请输入采购编号"]')
INFO 日志名称 [2020-11-12 09:42:42,579] base_page.py -> line:27 等待元素：('xpath', '//input[@placeholder="请输入采购编号"]') 可见
INFO 日志名称 [2020-11-12 09:42:43,613] base_page.py -> line:53 查找元素：('xpath', '//input[@placeholder="请输入采购编号"]')
INFO 日志名称 [2020-11-12 09:42:44,499] page_订单管理页.py -> line:26 --- 点击查询 ---
INFO 日志名称 [2020-11-12 09:42:44,499] base_page.py -> line:27 等待元素：('xpath', '//span[text()="查询"]/parent::button') 可见
INFO 日志名称 [2020-11-12 09:42:45,530] base_page.py -> line:53 查找元素：('xpath', '//span[text()="查询"]/parent::button')
INFO 日志名称 [2020-11-12 09:42:45,694] base_page.py -> line:27 等待元素：('xpath', '//tr[@class="el-table__row"]//td//div') 可见
INFO 日志名称 [2020-11-12 09:42:46,750] base_page.py -> line:53 查找元素：('xpath', '//tr[@class="el-table__row"]//td//div')
ERROR 日志名称 [2020-11-12 09:42:46,783] page_订单管理页.py -> line:40 --- 未查到结果 ---
Traceback (most recent call last):
  File "E:\XLN_WorkSpace\study_web_unit\pageobject\订单管理\page_订单管理页.py", line 34, in result
    for i in all_result:
TypeError: 'WebElement' object is not iterable
INFO 日志名称 [2020-11-12 09:42:52,904] base_page.py -> line:17 打开网址：http://47.93.37.55:81/#/login
INFO 日志名称 [2020-11-12 09:42:57,878] page_登录页.py -> line:47 --- 输入登录用户名: xxwbxln ---
INFO 日志名称 [2020-11-12 09:42:57,878] base_page.py -> line:27 等待元素：('xpath', '//input[@name="telephone"]') 可见
INFO 日志名称 [2020-11-12 09:42:58,919] base_page.py -> line:53 查找元素：('xpath', '//input[@name="telephone"]')
INFO 日志名称 [2020-11-12 09:42:58,997] page_登录页.py -> line:51 --- 输入登录密码: 123456 ---
INFO 日志名称 [2020-11-12 09:42:58,997] base_page.py -> line:27 等待元素：('xpath', '//input[@name="password"]') 可见
INFO 日志名称 [2020-11-12 09:43:00,020] base_page.py -> line:53 查找元素：('xpath', '//input[@name="password"]')
INFO 日志名称 [2020-11-12 09:43:00,117] page_登录页.py -> line:54 --- 等待手动输入验证码 ---
INFO 日志名称 [2020-11-12 09:43:10,117] page_登录页.py -> line:58 --- 点击登录按钮 ---
INFO 日志名称 [2020-11-12 09:43:10,117] base_page.py -> line:27 等待元素：('xpath', '//span[contains(text(),"立即登录")]/parent::button') 可见
INFO 日志名称 [2020-11-12 09:43:11,181] base_page.py -> line:53 查找元素：('xpath', '//span[contains(text(),"立即登录")]/parent::button')
INFO 日志名称 [2020-11-12 09:43:11,282] page_登录页.py -> line:60 --- 登录成功，进入首页 ---
INFO 日志名称 [2020-11-12 09:43:11,282] page_首页.py -> line:28 --- 点击供货管理 ---
INFO 日志名称 [2020-11-12 09:43:11,282] base_page.py -> line:27 等待元素：('xpath', '//span[text()="供货管理"]/parent::div') 可见
ERROR 日志名称 [2020-11-12 09:43:31,703] base_page.py -> line:33 等待元素：('xpath', '//span[text()="供货管理"]/parent::div') 可见失败
Traceback (most recent call last):
  File "E:\XLN_WorkSpace\study_web_unit\pageobject\base_page.py", line 30, in wait_ele_visible
    wait.until(EC.visibility_of_element_located(loc))
  File "E:\my_install\anaconda\lib\site-packages\selenium\webdriver\support\wait.py", line 80, in until
    raise TimeoutException(message, screen, stacktrace)
selenium.common.exceptions.TimeoutException: Message: 

INFO 日志名称 [2020-11-12 09:43:33,960] test_03_查询订单.py -> line:24 ========== 查询订单 测试用例执行结束 ==========
