INFO 日志名称 [2020-11-11 16:49:50,863] test_02_创建订单.py -> line:22 ========== 创建订单 测试用例开始执行 ==========
INFO 日志名称 [2020-11-11 16:49:54,649] base_page.py -> line:17 打开网址：http://47.93.37.55:81/#/login
INFO 日志名称 [2020-11-11 16:49:59,138] page_登录页.py -> line:47 --- 输入登录用户名: xxwbxln ---
INFO 日志名称 [2020-11-11 16:49:59,138] base_page.py -> line:27 等待元素：('xpath', '//input[@name="telephone"]') 可见
INFO 日志名称 [2020-11-11 16:50:00,184] base_page.py -> line:53 查找元素：('xpath', '//input[@name="telephone"]')
INFO 日志名称 [2020-11-11 16:50:00,266] page_登录页.py -> line:51 --- 输入登录密码: 123456 ---
INFO 日志名称 [2020-11-11 16:50:00,267] base_page.py -> line:27 等待元素：('xpath', '//input[@name="password"]') 可见
INFO 日志名称 [2020-11-11 16:50:01,289] base_page.py -> line:53 查找元素：('xpath', '//input[@name="password"]')
INFO 日志名称 [2020-11-11 16:50:01,407] page_登录页.py -> line:54 --- 等待手动输入验证码 ---
INFO 日志名称 [2020-11-11 16:50:11,408] page_登录页.py -> line:58 --- 点击登录按钮 ---
INFO 日志名称 [2020-11-11 16:50:11,408] base_page.py -> line:27 等待元素：('xpath', '//span[contains(text(),"立即登录")]/parent::button') 可见
INFO 日志名称 [2020-11-11 16:50:12,488] base_page.py -> line:53 查找元素：('xpath', '//span[contains(text(),"立即登录")]/parent::button')
INFO 日志名称 [2020-11-11 16:50:12,641] page_登录页.py -> line:60 --- 登录成功，进入首页 ---
INFO 日志名称 [2020-11-11 16:50:12,641] page_首页.py -> line:28 --- 点击供货管理 ---
INFO 日志名称 [2020-11-11 16:50:12,641] base_page.py -> line:27 等待元素：('xpath', '//span[text()="供货管理"]/parent::div') 可见
INFO 日志名称 [2020-11-11 16:50:14,774] base_page.py -> line:53 查找元素：('xpath', '//span[text()="供货管理"]/parent::div')
INFO 日志名称 [2020-11-11 16:50:14,904] page_首页.py -> line:34 --- 点击订单管理 ---
INFO 日志名称 [2020-11-11 16:50:14,904] base_page.py -> line:27 等待元素：('xpath', '//span[text()="订单管理"]/parent::li') 可见
INFO 日志名称 [2020-11-11 16:50:15,939] base_page.py -> line:53 查找元素：('xpath', '//span[text()="订单管理"]/parent::li')
INFO 日志名称 [2020-11-11 16:50:16,091] page_首页.py -> line:36 --- 进入订单管理页 ---
INFO 日志名称 [2020-11-11 16:50:16,091] page_订单管理页.py -> line:11 --- 点击创建订单按钮 ---
INFO 日志名称 [2020-11-11 16:50:16,092] base_page.py -> line:27 等待元素：('xpath', '//span[text()="创建"]/parent::button') 可见
INFO 日志名称 [2020-11-11 16:50:17,809] base_page.py -> line:53 查找元素：('xpath', '//span[text()="创建"]/parent::button')
INFO 日志名称 [2020-11-11 16:50:17,957] page_订单管理页.py -> line:13 --- 成功进入创建订单页面 ---
INFO 日志名称 [2020-11-11 16:50:17,957] page_创建订单页.py -> line:10 --- 选择采购类别：定价 ---
INFO 日志名称 [2020-11-11 16:50:17,958] base_page.py -> line:27 等待元素：('xpath', '//span/parent::label') 可见
INFO 日志名称 [2020-11-11 16:50:19,832] base_page.py -> line:69 查找元素：('xpath', '//span/parent::label')
INFO 日志名称 [2020-11-11 16:50:19,991] page_创建订单页.py -> line:23 --- 选择生产企业：天津市天重江天重工有限公司 ---
INFO 日志名称 [2020-11-11 16:50:19,991] base_page.py -> line:27 等待元素：('xpath', '//div[@class="zhe"]') 可见
INFO 日志名称 [2020-11-11 16:50:21,023] base_page.py -> line:53 查找元素：('xpath', '//div[@class="zhe"]')
INFO 日志名称 [2020-11-11 16:50:21,251] base_page.py -> line:27 等待元素：('xpath', '//tbody//tr/td[2]/div') 可见
INFO 日志名称 [2020-11-11 16:50:22,281] base_page.py -> line:69 查找元素：('xpath', '//tbody//tr/td[2]/div')
INFO 日志名称 [2020-11-11 16:50:22,718] page_创建订单页.py -> line:35 --- 选择生产企业后，点击确定 ---
INFO 日志名称 [2020-11-11 16:50:22,719] base_page.py -> line:27 等待元素：('xpath', '//span[text()="选择生产企业"]/parent::div/following-sibling::div//span[text()="确 定"]/parent::button') 可见
INFO 日志名称 [2020-11-11 16:50:23,742] base_page.py -> line:53 查找元素：('xpath', '//span[text()="选择生产企业"]/parent::div/following-sibling::div//span[text()="确 定"]/parent::button')
INFO 日志名称 [2020-11-11 16:50:23,899] base_page.py -> line:36 等待元素：('xpath', '//p[text()="请选择生产企业"]') 不可见
INFO 日志名称 [2020-11-11 16:50:24,919] page_创建订单页.py -> line:45 --- 选择生产企业成功 ---
INFO 日志名称 [2020-11-11 16:50:24,919] base_page.py -> line:27 等待元素：('xpath', '//span[contains(text(),"地址")]/following-sibling::div/input') 可见
INFO 日志名称 [2020-11-11 16:50:25,997] base_page.py -> line:53 查找元素：('xpath', '//span[contains(text(),"地址")]/following-sibling::div/input')
INFO 日志名称 [2020-11-11 16:50:26,049] page_创建订单页.py -> line:54 --- 输入详细地址：详细地址信息 ---
INFO 日志名称 [2020-11-11 16:50:26,049] base_page.py -> line:27 等待元素：('xpath', '//span[contains(text(),"地址")]/following-sibling::div/input') 可见
INFO 日志名称 [2020-11-11 16:50:27,071] base_page.py -> line:53 查找元素：('xpath', '//span[contains(text(),"地址")]/following-sibling::div/input')
INFO 日志名称 [2020-11-11 16:50:27,314] page_创建订单页.py -> line:59 --- 选择料型 ---
INFO 日志名称 [2020-11-11 16:50:27,314] base_page.py -> line:27 等待元素：('xpath', '//span[contains(text(),"料型")]/following-sibling::div//input') 可见
INFO 日志名称 [2020-11-11 16:50:28,345] base_page.py -> line:53 查找元素：('xpath', '//span[contains(text(),"料型")]/following-sibling::div//input')
INFO 日志名称 [2020-11-11 16:50:28,493] page_创建订单页.py -> line:61 --- 选择板料 ---
INFO 日志名称 [2020-11-11 16:50:28,493] base_page.py -> line:27 等待元素：('xpath', '//span[text()="板料"]') 可见
INFO 日志名称 [2020-11-11 16:50:30,067] base_page.py -> line:53 查找元素：('xpath', '//span[text()="板料"]')
INFO 日志名称 [2020-11-11 16:50:30,238] page_创建订单页.py -> line:63 --- 选择一级 ---
INFO 日志名称 [2020-11-11 16:50:30,238] base_page.py -> line:27 等待元素：('xpath', '//span[text()="一级"]') 可见
INFO 日志名称 [2020-11-11 16:50:31,263] base_page.py -> line:53 查找元素：('xpath', '//span[text()="一级"]')
INFO 日志名称 [2020-11-11 16:50:31,412] page_创建订单页.py -> line:67 --- 输入规格：规格描述信息 ---
INFO 日志名称 [2020-11-11 16:50:31,413] base_page.py -> line:27 等待元素：('xpath', '//span[contains(text(),"规格")]/following-sibling::div/input') 可见
INFO 日志名称 [2020-11-11 16:50:32,483] base_page.py -> line:53 查找元素：('xpath', '//span[contains(text(),"规格")]/following-sibling::div/input')
INFO 日志名称 [2020-11-11 16:50:32,617] page_创建订单页.py -> line:71 --- 输入销售单价：2000 ---
INFO 日志名称 [2020-11-11 16:50:32,618] base_page.py -> line:27 等待元素：('xpath', '//span[contains(text(),"销售单价")]/following-sibling::div/input') 可见
INFO 日志名称 [2020-11-11 16:50:33,637] base_page.py -> line:53 查找元素：('xpath', '//span[contains(text(),"销售单价")]/following-sibling::div/input')
INFO 日志名称 [2020-11-11 16:50:33,818] page_创建订单页.py -> line:75 --- 输入采购单价：1500 ---
INFO 日志名称 [2020-11-11 16:50:33,818] base_page.py -> line:27 等待元素：('xpath', '//span[contains(text(),"采购单价")]/following-sibling::div/input') 可见
INFO 日志名称 [2020-11-11 16:50:34,837] base_page.py -> line:53 查找元素：('xpath', '//span[contains(text(),"采购单价")]/following-sibling::div/input')
INFO 日志名称 [2020-11-11 16:50:34,996] page_创建订单页.py -> line:79 --- 输入采购数量：500 ---
INFO 日志名称 [2020-11-11 16:50:34,996] base_page.py -> line:27 等待元素：('xpath', '//span[contains(text(),"采购数量")]/following-sibling::div/input') 可见
INFO 日志名称 [2020-11-11 16:50:36,014] base_page.py -> line:53 查找元素：('xpath', '//span[contains(text(),"采购数量")]/following-sibling::div/input')
INFO 日志名称 [2020-11-11 16:50:36,164] page_创建订单页.py -> line:83 --- 输入结算周期：20 ---
INFO 日志名称 [2020-11-11 16:50:36,164] base_page.py -> line:27 等待元素：('xpath', '//span[contains(text(),"结算周期")]/following-sibling::div/input') 可见
INFO 日志名称 [2020-11-11 16:50:37,187] base_page.py -> line:53 查找元素：('xpath', '//span[contains(text(),"结算周期")]/following-sibling::div/input')
INFO 日志名称 [2020-11-11 16:50:37,312] page_创建订单页.py -> line:101 --- 输入说明：说明信息 ---
INFO 日志名称 [2020-11-11 16:50:37,312] base_page.py -> line:27 等待元素：('xpath', '//span[contains(text(),"说明")]/following-sibling::div/input') 可见
INFO 日志名称 [2020-11-11 16:50:38,332] base_page.py -> line:53 查找元素：('xpath', '//span[contains(text(),"说明")]/following-sibling::div/input')
INFO 日志名称 [2020-11-11 16:50:38,517] page_创建订单页.py -> line:87 --- 输入采购开始时间 ： 2020-11-11 12:00 ---
INFO 日志名称 [2020-11-11 16:50:38,517] base_page.py -> line:27 等待元素：('xpath', '//span[contains(text(),"发布时间")]/following-sibling::div/input') 可见
INFO 日志名称 [2020-11-11 16:50:39,537] base_page.py -> line:53 查找元素：('xpath', '//span[contains(text(),"发布时间")]/following-sibling::div/input')
INFO 日志名称 [2020-11-11 16:50:39,734] base_page.py -> line:27 等待元素：('xpath', '//span[contains(text(),"发布时间")]/following-sibling::div/input') 可见
INFO 日志名称 [2020-11-11 16:50:40,755] base_page.py -> line:53 查找元素：('xpath', '//span[contains(text(),"发布时间")]/following-sibling::div/input')
INFO 日志名称 [2020-11-11 16:50:40,946] page_创建订单页.py -> line:92 --- 输入采购截止时间 ： 2020-12-01 14:00 ---
INFO 日志名称 [2020-11-11 16:50:40,946] base_page.py -> line:27 等待元素：('xpath', '//span[contains(text(),"截止时间")]/following-sibling::div/input') 可见
INFO 日志名称 [2020-11-11 16:50:41,966] base_page.py -> line:53 查找元素：('xpath', '//span[contains(text(),"截止时间")]/following-sibling::div/input')
INFO 日志名称 [2020-11-11 16:50:42,068] base_page.py -> line:27 等待元素：('xpath', '//span[contains(text(),"截止时间")]/following-sibling::div/input') 可见
INFO 日志名称 [2020-11-11 16:50:43,083] base_page.py -> line:53 查找元素：('xpath', '//span[contains(text(),"截止时间")]/following-sibling::div/input')
INFO 日志名称 [2020-11-11 16:50:43,289] page_创建订单页.py -> line:97 --- 设置对供货商可见 ---
INFO 日志名称 [2020-11-11 16:50:43,289] base_page.py -> line:27 等待元素：('xpath', '//span[contains(text(),"供货商可见")]/following-sibling::div//span[contains(text(),"是")]') 可见
INFO 日志名称 [2020-11-11 16:50:44,309] base_page.py -> line:53 查找元素：('xpath', '//span[contains(text(),"供货商可见")]/following-sibling::div//span[contains(text(),"是")]')
INFO 日志名称 [2020-11-11 16:50:44,476] page_创建订单页.py -> line:105 --- 选择采购经理人：徐立楠外部黄牛 ---
INFO 日志名称 [2020-11-11 16:50:44,477] base_page.py -> line:27 等待元素：('xpath', '//div[@class="row el-row"]//span[contains(text(),"采购经理人")]/following-sibling::button') 可见
INFO 日志名称 [2020-11-11 16:50:45,517] base_page.py -> line:53 查找元素：('xpath', '//div[@class="row el-row"]//span[contains(text(),"采购经理人")]/following-sibling::button')
INFO 日志名称 [2020-11-11 16:50:45,697] base_page.py -> line:27 等待元素：('xpath', '//span[text()="选择采购经理人"]/parent::div/following-sibling::div//table[@class="el-table__body"]//tr/td[2]/div') 可见
INFO 日志名称 [2020-11-11 16:50:46,748] base_page.py -> line:69 查找元素：('xpath', '//span[text()="选择采购经理人"]/parent::div/following-sibling::div//table[@class="el-table__body"]//tr/td[2]/div')
INFO 日志名称 [2020-11-11 16:50:46,905] page_创建订单页.py -> line:117 --- 选择采购经理人后，点击确定 ---
INFO 日志名称 [2020-11-11 16:50:46,906] base_page.py -> line:27 等待元素：('xpath', '//span[text()="选择采购经理人"]/parent::div/following-sibling::div//span[text()="确 定"]/parent::button') 可见
INFO 日志名称 [2020-11-11 16:50:47,948] base_page.py -> line:53 查找元素：('xpath', '//span[text()="选择采购经理人"]/parent::div/following-sibling::div//span[text()="确 定"]/parent::button')
INFO 日志名称 [2020-11-11 16:50:48,085] base_page.py -> line:36 等待元素：('xpath', '//p[text()="请选择采购经理人"]') 不可见
INFO 日志名称 [2020-11-11 16:50:49,108] page_创建订单页.py -> line:126 --- 选择采购经理人成功 ---
INFO 日志名称 [2020-11-11 16:50:49,108] page_创建订单页.py -> line:131 --- 点击提交订单 ---
INFO 日志名称 [2020-11-11 16:50:49,109] base_page.py -> line:27 等待元素：('xpath', '//span[text()="提交"]/parent::button') 可见
INFO 日志名称 [2020-11-11 16:50:50,173] base_page.py -> line:53 查找元素：('xpath', '//span[text()="提交"]/parent::button')
INFO 日志名称 [2020-11-11 16:50:50,307] page_创建订单页.py -> line:133 --- 提交订单成功 ---
INFO 日志名称 [2020-11-11 16:50:52,597] test_02_创建订单.py -> line:26 ========== 创建订单 测试用例执行结束 ==========
