INFO 日志名称 [2020-11-11 14:37:08,220] test_02_创建订单.py -> line:22 ========== 创建订单 测试用例开始执行 ==========
INFO 日志名称 [2020-11-11 14:37:12,027] base_page.py -> line:17 打开网址：http://47.93.37.55:81/#/login
INFO 日志名称 [2020-11-11 14:37:16,329] page_登录页.py -> line:47 --- 输入登录用户名: xxwbxln ---
INFO 日志名称 [2020-11-11 14:37:16,329] base_page.py -> line:26 等待元素：('xpath', '//input[@name="telephone"]') 可见
INFO 日志名称 [2020-11-11 14:37:17,379] base_page.py -> line:43 查找元素：('xpath', '//input[@name="telephone"]')
INFO 日志名称 [2020-11-11 14:37:17,504] page_登录页.py -> line:51 --- 输入登录密码: 123456 ---
INFO 日志名称 [2020-11-11 14:37:17,511] base_page.py -> line:26 等待元素：('xpath', '//input[@name="password"]') 可见
INFO 日志名称 [2020-11-11 14:37:18,533] base_page.py -> line:43 查找元素：('xpath', '//input[@name="password"]')
INFO 日志名称 [2020-11-11 14:37:18,647] page_登录页.py -> line:54 --- 等待手动输入验证码 ---
INFO 日志名称 [2020-11-11 14:37:28,648] page_登录页.py -> line:58 --- 点击登录按钮 ---
INFO 日志名称 [2020-11-11 14:37:28,648] base_page.py -> line:26 等待元素：('xpath', '//span[contains(text(),"立即登录")]/parent::button') 可见
INFO 日志名称 [2020-11-11 14:37:29,726] base_page.py -> line:43 查找元素：('xpath', '//span[contains(text(),"立即登录")]/parent::button')
INFO 日志名称 [2020-11-11 14:37:29,915] page_登录页.py -> line:60 --- 登录成功，进入首页 ---
INFO 日志名称 [2020-11-11 14:37:29,915] page_首页.py -> line:28 --- 点击供货管理 ---
INFO 日志名称 [2020-11-11 14:37:29,915] base_page.py -> line:26 等待元素：('xpath', '//span[text()="供货管理"]/parent::div') 可见
INFO 日志名称 [2020-11-11 14:37:32,082] base_page.py -> line:43 查找元素：('xpath', '//span[text()="供货管理"]/parent::div')
INFO 日志名称 [2020-11-11 14:37:32,248] page_首页.py -> line:34 --- 点击订单管理 ---
INFO 日志名称 [2020-11-11 14:37:32,249] base_page.py -> line:26 等待元素：('xpath', '//span[text()="订单管理"]/parent::li') 可见
INFO 日志名称 [2020-11-11 14:37:33,289] base_page.py -> line:43 查找元素：('xpath', '//span[text()="订单管理"]/parent::li')
INFO 日志名称 [2020-11-11 14:37:33,442] page_首页.py -> line:36 --- 进入订单管理页 ---
INFO 日志名称 [2020-11-11 14:37:33,442] page_订单管理页.py -> line:11 --- 点击创建订单按钮 ---
INFO 日志名称 [2020-11-11 14:37:33,443] base_page.py -> line:26 等待元素：('xpath', '//span[text()="创建"]/parent::button') 可见
INFO 日志名称 [2020-11-11 14:37:34,697] base_page.py -> line:43 查找元素：('xpath', '//span[text()="创建"]/parent::button')
INFO 日志名称 [2020-11-11 14:37:34,810] page_订单管理页.py -> line:13 --- 成功进入创建订单页面 ---
INFO 日志名称 [2020-11-11 14:37:34,811] page_创建订单页.py -> line:10 --- 选择采购类别：定价 ---
INFO 日志名称 [2020-11-11 14:37:34,811] base_page.py -> line:26 等待元素：('xpath', '//span/parent::label') 可见
INFO 日志名称 [2020-11-11 14:37:36,367] base_page.py -> line:59 查找元素：('xpath', '//span/parent::label')
INFO 日志名称 [2020-11-11 14:37:36,562] page_创建订单页.py -> line:24 --- 选择生产企业：天津市天重江天重工有限公司 ---
INFO 日志名称 [2020-11-11 14:37:36,562] base_page.py -> line:26 等待元素：('xpath', '//div[@class="zhe"]') 可见
INFO 日志名称 [2020-11-11 14:37:37,591] base_page.py -> line:43 查找元素：('xpath', '//div[@class="zhe"]')
INFO 日志名称 [2020-11-11 14:37:37,742] base_page.py -> line:26 等待元素：('xpath', '//tbody//tr/td[2]/div') 可见
INFO 日志名称 [2020-11-11 14:37:38,770] base_page.py -> line:59 查找元素：('xpath', '//tbody//tr/td[2]/div')
INFO 日志名称 [2020-11-11 14:37:39,171] page_创建订单页.py -> line:36 --- 选择生产企业后，点击确定 ---
INFO 日志名称 [2020-11-11 14:37:39,172] base_page.py -> line:26 等待元素：('xpath', '//span[text()="选择生产企业"]/parent::div/following-sibling::div//span[text()="确 定"]/parent::button') 可见
INFO 日志名称 [2020-11-11 14:37:40,192] base_page.py -> line:43 查找元素：('xpath', '//span[text()="选择生产企业"]/parent::div/following-sibling::div//span[text()="确 定"]/parent::button')
INFO 日志名称 [2020-11-11 14:37:40,338] base_page.py -> line:26 等待元素：('xpath', '//p[text()="请选择生产企业"]') 可见
ERROR 日志名称 [2020-11-11 14:38:00,723] base_page.py -> line:32 等待元素：('xpath', '//p[text()="请选择生产企业"]') 可见失败
Traceback (most recent call last):
  File "E:\XLN_WorkSpace\study_web_unit\pageobject\base_page.py", line 29, in wait_ele_visible
    wait.until(EC.visibility_of_element_located(loc))
  File "E:\my_install\anaconda\lib\site-packages\selenium\webdriver\support\wait.py", line 80, in until
    raise TimeoutException(message, screen, stacktrace)
selenium.common.exceptions.TimeoutException: Message: 

INFO 日志名称 [2020-11-11 14:38:00,753] page_创建订单页.py -> line:43 --- 选择生产企业成功 ---
INFO 日志名称 [2020-11-11 14:38:00,754] base_page.py -> line:26 等待元素：('xpath', '//span[contains(text(),"地址")]/following-sibling::div/input') 可见
INFO 日志名称 [2020-11-11 14:38:01,825] base_page.py -> line:43 查找元素：('xpath', '//span[contains(text(),"地址")]/following-sibling::div/input')
INFO 日志名称 [2020-11-11 14:38:01,888] page_创建订单页.py -> line:59 --- 选择品名 ---
INFO 日志名称 [2020-11-11 14:38:01,889] base_page.py -> line:26 等待元素：('xpath', '//span[contains(text(),"品名")]/following-sibling::div//input') 可见
ERROR 日志名称 [2020-11-11 14:38:22,304] base_page.py -> line:32 等待元素：('xpath', '//span[contains(text(),"品名")]/following-sibling::div//input') 可见失败
Traceback (most recent call last):
  File "E:\XLN_WorkSpace\study_web_unit\pageobject\base_page.py", line 29, in wait_ele_visible
    wait.until(EC.visibility_of_element_located(loc))
  File "E:\my_install\anaconda\lib\site-packages\selenium\webdriver\support\wait.py", line 80, in until
    raise TimeoutException(message, screen, stacktrace)
selenium.common.exceptions.TimeoutException: Message: 

INFO 日志名称 [2020-11-11 14:38:24,580] test_02_创建订单.py -> line:26 ========== 创建订单 测试用例执行结束 ==========
