INFO 日志名称 [2020-11-11 15:14:49,613] test_02_创建订单.py -> line:22 ========== 创建订单 测试用例开始执行 ==========
INFO 日志名称 [2020-11-11 15:14:53,258] base_page.py -> line:17 打开网址：http://47.93.37.55:81/#/login
INFO 日志名称 [2020-11-11 15:14:57,517] page_登录页.py -> line:47 --- 输入登录用户名: xxwbxln ---
INFO 日志名称 [2020-11-11 15:14:57,518] base_page.py -> line:27 等待元素：('xpath', '//input[@name="telephone"]') 可见
INFO 日志名称 [2020-11-11 15:14:58,567] base_page.py -> line:53 查找元素：('xpath', '//input[@name="telephone"]')
INFO 日志名称 [2020-11-11 15:14:58,678] page_登录页.py -> line:51 --- 输入登录密码: 123456 ---
INFO 日志名称 [2020-11-11 15:14:58,679] base_page.py -> line:27 等待元素：('xpath', '//input[@name="password"]') 可见
INFO 日志名称 [2020-11-11 15:14:59,699] base_page.py -> line:53 查找元素：('xpath', '//input[@name="password"]')
INFO 日志名称 [2020-11-11 15:14:59,835] page_登录页.py -> line:54 --- 等待手动输入验证码 ---
INFO 日志名称 [2020-11-11 15:15:09,835] page_登录页.py -> line:58 --- 点击登录按钮 ---
INFO 日志名称 [2020-11-11 15:15:09,835] base_page.py -> line:27 等待元素：('xpath', '//span[contains(text(),"立即登录")]/parent::button') 可见
INFO 日志名称 [2020-11-11 15:15:10,902] base_page.py -> line:53 查找元素：('xpath', '//span[contains(text(),"立即登录")]/parent::button')
INFO 日志名称 [2020-11-11 15:15:11,097] page_登录页.py -> line:60 --- 登录成功，进入首页 ---
INFO 日志名称 [2020-11-11 15:15:11,098] page_首页.py -> line:28 --- 点击供货管理 ---
INFO 日志名称 [2020-11-11 15:15:11,098] base_page.py -> line:27 等待元素：('xpath', '//span[text()="供货管理"]/parent::div') 可见
INFO 日志名称 [2020-11-11 15:15:13,169] base_page.py -> line:53 查找元素：('xpath', '//span[text()="供货管理"]/parent::div')
INFO 日志名称 [2020-11-11 15:15:13,291] page_首页.py -> line:34 --- 点击订单管理 ---
INFO 日志名称 [2020-11-11 15:15:13,292] base_page.py -> line:27 等待元素：('xpath', '//span[text()="订单管理"]/parent::li') 可见
INFO 日志名称 [2020-11-11 15:15:14,334] base_page.py -> line:53 查找元素：('xpath', '//span[text()="订单管理"]/parent::li')
INFO 日志名称 [2020-11-11 15:15:14,477] page_首页.py -> line:36 --- 进入订单管理页 ---
INFO 日志名称 [2020-11-11 15:15:14,478] page_订单管理页.py -> line:11 --- 点击创建订单按钮 ---
INFO 日志名称 [2020-11-11 15:15:14,478] base_page.py -> line:27 等待元素：('xpath', '//span[text()="创建"]/parent::button') 可见
INFO 日志名称 [2020-11-11 15:15:15,741] base_page.py -> line:53 查找元素：('xpath', '//span[text()="创建"]/parent::button')
INFO 日志名称 [2020-11-11 15:15:15,905] page_订单管理页.py -> line:13 --- 成功进入创建订单页面 ---
INFO 日志名称 [2020-11-11 15:15:15,905] page_创建订单页.py -> line:10 --- 选择采购类别：定价 ---
INFO 日志名称 [2020-11-11 15:15:15,906] base_page.py -> line:27 等待元素：('xpath', '//span/parent::label') 可见
INFO 日志名称 [2020-11-11 15:15:17,795] base_page.py -> line:69 查找元素：('xpath', '//span/parent::label')
INFO 日志名称 [2020-11-11 15:15:17,955] page_创建订单页.py -> line:23 --- 选择生产企业：天津市天重江天重工有限公司 ---
INFO 日志名称 [2020-11-11 15:15:17,955] base_page.py -> line:27 等待元素：('xpath', '//div[@class="zhe"]') 可见
INFO 日志名称 [2020-11-11 15:15:18,983] base_page.py -> line:53 查找元素：('xpath', '//div[@class="zhe"]')
INFO 日志名称 [2020-11-11 15:15:19,264] base_page.py -> line:27 等待元素：('xpath', '//tbody//tr/td[2]/div') 可见
INFO 日志名称 [2020-11-11 15:15:20,294] base_page.py -> line:69 查找元素：('xpath', '//tbody//tr/td[2]/div')
INFO 日志名称 [2020-11-11 15:15:20,767] page_创建订单页.py -> line:35 --- 选择生产企业后，点击确定 ---
INFO 日志名称 [2020-11-11 15:15:20,767] base_page.py -> line:27 等待元素：('xpath', '//span[text()="选择生产企业"]/parent::div/following-sibling::div//span[text()="确 定"]/parent::button') 可见
INFO 日志名称 [2020-11-11 15:15:21,785] base_page.py -> line:53 查找元素：('xpath', '//span[text()="选择生产企业"]/parent::div/following-sibling::div//span[text()="确 定"]/parent::button')
INFO 日志名称 [2020-11-11 15:15:21,918] base_page.py -> line:36 等待元素：('xpath', '//p[text()="请选择生产企业"]') 不可见
INFO 日志名称 [2020-11-11 15:15:22,938] page_创建订单页.py -> line:45 --- 选择生产企业成功 ---
INFO 日志名称 [2020-11-11 15:15:22,938] base_page.py -> line:27 等待元素：('xpath', '//span[contains(text(),"地址")]/following-sibling::div/input') 可见
INFO 日志名称 [2020-11-11 15:15:24,008] base_page.py -> line:53 查找元素：('xpath', '//span[contains(text(),"地址")]/following-sibling::div/input')
INFO 日志名称 [2020-11-11 15:15:24,078] page_创建订单页.py -> line:57 --- 选择料型 ---
INFO 日志名称 [2020-11-11 15:15:24,079] base_page.py -> line:27 等待元素：('xpath', '//span[contains(text(),"料型")]/following-sibling::div//input') 可见
INFO 日志名称 [2020-11-11 15:15:25,116] base_page.py -> line:53 查找元素：('xpath', '//span[contains(text(),"料型")]/following-sibling::div//input')
INFO 日志名称 [2020-11-11 15:15:25,279] page_创建订单页.py -> line:59 --- 选择板料 ---
INFO 日志名称 [2020-11-11 15:15:25,280] base_page.py -> line:27 等待元素：('xpath', '//span[text()="板料"]') 可见
INFO 日志名称 [2020-11-11 15:15:26,881] base_page.py -> line:53 查找元素：('xpath', '//span[text()="板料"]')
INFO 日志名称 [2020-11-11 15:15:27,052] page_创建订单页.py -> line:61 --- 选择一级 ---
INFO 日志名称 [2020-11-11 15:15:27,052] base_page.py -> line:27 等待元素：('xpath', '//span[text()="一级"]') 可见
INFO 日志名称 [2020-11-11 15:15:28,089] base_page.py -> line:53 查找元素：('xpath', '//span[text()="一级"]')
INFO 日志名称 [2020-11-11 15:15:28,202] page_创建订单页.py -> line:65 --- 输入规格：规格描述信息 ---
INFO 日志名称 [2020-11-11 15:15:28,202] base_page.py -> line:27 等待元素：('xpath', '//span[contains(text(),"规格")]/following-sibling::div/input') 可见
INFO 日志名称 [2020-11-11 15:15:29,236] base_page.py -> line:53 查找元素：('xpath', '//span[contains(text(),"规格")]/following-sibling::div/input')
INFO 日志名称 [2020-11-11 15:15:29,508] page_创建订单页.py -> line:69 --- 输入销售单价：2000 ---
INFO 日志名称 [2020-11-11 15:15:29,508] base_page.py -> line:27 等待元素：('xpath', '//span[contains(text(),"销售单价")]/following-sibling::div/input') 可见
INFO 日志名称 [2020-11-11 15:15:30,526] base_page.py -> line:53 查找元素：('xpath', '//span[contains(text(),"销售单价")]/following-sibling::div/input')
INFO 日志名称 [2020-11-11 15:15:30,715] page_创建订单页.py -> line:73 --- 输入采购单价：1500 ---
INFO 日志名称 [2020-11-11 15:15:30,716] base_page.py -> line:27 等待元素：('xpath', '//span[contains(text(),"采购单价")]/following-sibling::div/input') 可见
INFO 日志名称 [2020-11-11 15:15:31,738] base_page.py -> line:53 查找元素：('xpath', '//span[contains(text(),"采购单价")]/following-sibling::div/input')
INFO 日志名称 [2020-11-11 15:15:31,904] page_创建订单页.py -> line:77 --- 输入采购数量：500 ---
INFO 日志名称 [2020-11-11 15:15:31,904] base_page.py -> line:27 等待元素：('xpath', '//span[contains(text(),"采购数量")]/following-sibling::div/input') 可见
INFO 日志名称 [2020-11-11 15:15:32,923] base_page.py -> line:53 查找元素：('xpath', '//span[contains(text(),"采购数量")]/following-sibling::div/input')
INFO 日志名称 [2020-11-11 15:15:33,078] page_创建订单页.py -> line:81 --- 输入结算周期：20 ---
INFO 日志名称 [2020-11-11 15:15:33,078] base_page.py -> line:27 等待元素：('xpath', '//span[contains(text(),"结算周期")]/following-sibling::div/input') 可见
INFO 日志名称 [2020-11-11 15:15:34,097] base_page.py -> line:53 查找元素：('xpath', '//span[contains(text(),"结算周期")]/following-sibling::div/input')
INFO 日志名称 [2020-11-11 15:15:34,204] page_创建订单页.py -> line:107 --- 输入说明：说明信息 ---
INFO 日志名称 [2020-11-11 15:15:34,204] base_page.py -> line:27 等待元素：('xpath', '//span[contains(text(),"说明")]/following-sibling::div/input') 可见
INFO 日志名称 [2020-11-11 15:15:35,224] base_page.py -> line:53 查找元素：('xpath', '//span[contains(text(),"说明")]/following-sibling::div/input')
INFO 日志名称 [2020-11-11 15:15:35,418] page_创建订单页.py -> line:85 --- 输入采购开始时间 ： 2020-11-11 12:00 ---
INFO 日志名称 [2020-11-11 15:15:35,418] base_page.py -> line:27 等待元素：('xpath', '//span[contains(text(),"发布时间")]/following-sibling::div/input') 可见
INFO 日志名称 [2020-11-11 15:15:36,437] base_page.py -> line:53 查找元素：('xpath', '//span[contains(text(),"发布时间")]/following-sibling::div/input')
INFO 日志名称 [2020-11-11 15:15:36,611] base_page.py -> line:27 等待元素：('xpath', '//input[@placeholder="选择日期"]') 可见
INFO 日志名称 [2020-11-11 15:15:38,191] base_page.py -> line:53 查找元素：('xpath', '//input[@placeholder="选择日期"]')
INFO 日志名称 [2020-11-11 15:15:40,627] test_02_创建订单.py -> line:26 ========== 创建订单 测试用例执行结束 ==========
