INFO 日志名称 [2020-11-12 09:18:58,927] test_03_查询订单.py -> line:20 ========== 查询订单 测试用例开始执行 ==========
INFO 日志名称 [2020-11-12 09:19:02,773] base_page.py -> line:17 打开网址：http://47.93.37.55:81/#/login
INFO 日志名称 [2020-11-12 09:19:14,415] page_登录页.py -> line:47 --- 输入登录用户名: xxwbxln ---
INFO 日志名称 [2020-11-12 09:19:14,415] base_page.py -> line:27 等待元素：('xpath', '//input[@name="telephone"]') 可见
INFO 日志名称 [2020-11-12 09:19:15,440] base_page.py -> line:53 查找元素：('xpath', '//input[@name="telephone"]')
INFO 日志名称 [2020-11-12 09:19:15,525] page_登录页.py -> line:51 --- 输入登录密码: 123456 ---
INFO 日志名称 [2020-11-12 09:19:15,525] base_page.py -> line:27 等待元素：('xpath', '//input[@name="password"]') 可见
INFO 日志名称 [2020-11-12 09:19:16,549] base_page.py -> line:53 查找元素：('xpath', '//input[@name="password"]')
INFO 日志名称 [2020-11-12 09:19:16,662] page_登录页.py -> line:54 --- 等待手动输入验证码 ---
INFO 日志名称 [2020-11-12 09:19:26,664] page_登录页.py -> line:58 --- 点击登录按钮 ---
INFO 日志名称 [2020-11-12 09:19:26,665] base_page.py -> line:27 等待元素：('xpath', '//span[contains(text(),"立即登录")]/parent::button') 可见
INFO 日志名称 [2020-11-12 09:19:27,741] base_page.py -> line:53 查找元素：('xpath', '//span[contains(text(),"立即登录")]/parent::button')
INFO 日志名称 [2020-11-12 09:19:27,906] page_登录页.py -> line:60 --- 登录成功，进入首页 ---
INFO 日志名称 [2020-11-12 09:19:27,907] page_首页.py -> line:28 --- 点击供货管理 ---
INFO 日志名称 [2020-11-12 09:19:27,907] base_page.py -> line:27 等待元素：('xpath', '//span[text()="供货管理"]/parent::div') 可见
INFO 日志名称 [2020-11-12 09:19:29,989] base_page.py -> line:53 查找元素：('xpath', '//span[text()="供货管理"]/parent::div')
INFO 日志名称 [2020-11-12 09:19:30,173] page_首页.py -> line:34 --- 点击订单管理 ---
INFO 日志名称 [2020-11-12 09:19:30,174] base_page.py -> line:27 等待元素：('xpath', '//span[text()="订单管理"]/parent::li') 可见
INFO 日志名称 [2020-11-12 09:19:31,218] base_page.py -> line:53 查找元素：('xpath', '//span[text()="订单管理"]/parent::li')
INFO 日志名称 [2020-11-12 09:19:31,370] page_首页.py -> line:36 --- 进入订单管理页 ---
INFO 日志名称 [2020-11-12 09:19:31,370] page_订单管理页.py -> line:16 --- 输入采购编号 ---
INFO 日志名称 [2020-11-12 09:19:31,371] base_page.py -> line:27 等待元素：('xpath', '//input[@placeholder="请输入采购编号"]') 可见
INFO 日志名称 [2020-11-12 09:19:33,325] base_page.py -> line:53 查找元素：('xpath', '//input[@placeholder="请输入采购编号"]')
INFO 日志名称 [2020-11-12 09:19:33,450] base_page.py -> line:27 等待元素：('xpath', '//input[@placeholder="请输入采购编号"]') 可见
INFO 日志名称 [2020-11-12 09:19:34,468] base_page.py -> line:53 查找元素：('xpath', '//input[@placeholder="请输入采购编号"]')
INFO 日志名称 [2020-11-12 09:19:35,336] page_订单管理页.py -> line:26 --- 点击查询 ---
INFO 日志名称 [2020-11-12 09:19:35,337] base_page.py -> line:27 等待元素：('xpath', '//span[text()="查询"]/parent::button') 可见
INFO 日志名称 [2020-11-12 09:19:36,368] base_page.py -> line:53 查找元素：('xpath', '//span[text()="查询"]/parent::button')
INFO 日志名称 [2020-11-12 09:19:42,546] base_page.py -> line:17 打开网址：http://47.93.37.55:81/#/login
INFO 日志名称 [2020-11-12 09:19:46,846] page_登录页.py -> line:47 --- 输入登录用户名: xxwbxln ---
INFO 日志名称 [2020-11-12 09:19:46,846] base_page.py -> line:27 等待元素：('xpath', '//input[@name="telephone"]') 可见
INFO 日志名称 [2020-11-12 09:19:47,885] base_page.py -> line:53 查找元素：('xpath', '//input[@name="telephone"]')
INFO 日志名称 [2020-11-12 09:19:47,993] page_登录页.py -> line:51 --- 输入登录密码: 123456 ---
INFO 日志名称 [2020-11-12 09:19:47,994] base_page.py -> line:27 等待元素：('xpath', '//input[@name="password"]') 可见
INFO 日志名称 [2020-11-12 09:19:49,014] base_page.py -> line:53 查找元素：('xpath', '//input[@name="password"]')
INFO 日志名称 [2020-11-12 09:19:49,138] page_登录页.py -> line:54 --- 等待手动输入验证码 ---
INFO 日志名称 [2020-11-12 09:19:59,139] page_登录页.py -> line:58 --- 点击登录按钮 ---
INFO 日志名称 [2020-11-12 09:19:59,139] base_page.py -> line:27 等待元素：('xpath', '//span[contains(text(),"立即登录")]/parent::button') 可见
INFO 日志名称 [2020-11-12 09:20:00,202] base_page.py -> line:53 查找元素：('xpath', '//span[contains(text(),"立即登录")]/parent::button')
INFO 日志名称 [2020-11-12 09:20:00,371] page_登录页.py -> line:60 --- 登录成功，进入首页 ---
INFO 日志名称 [2020-11-12 09:20:00,372] page_首页.py -> line:28 --- 点击供货管理 ---
INFO 日志名称 [2020-11-12 09:20:00,372] base_page.py -> line:27 等待元素：('xpath', '//span[text()="供货管理"]/parent::div') 可见
INFO 日志名称 [2020-11-12 09:20:02,441] base_page.py -> line:53 查找元素：('xpath', '//span[text()="供货管理"]/parent::div')
INFO 日志名称 [2020-11-12 09:20:02,589] page_首页.py -> line:34 --- 点击订单管理 ---
INFO 日志名称 [2020-11-12 09:20:02,590] base_page.py -> line:27 等待元素：('xpath', '//span[text()="订单管理"]/parent::li') 可见
INFO 日志名称 [2020-11-12 09:20:03,649] base_page.py -> line:53 查找元素：('xpath', '//span[text()="订单管理"]/parent::li')
INFO 日志名称 [2020-11-12 09:20:03,805] page_首页.py -> line:36 --- 进入订单管理页 ---
INFO 日志名称 [2020-11-12 09:20:03,806] page_订单管理页.py -> line:21 --- 输入订单id ---
INFO 日志名称 [2020-11-12 09:20:03,806] base_page.py -> line:27 等待元素：('xpath', '//input[@placeholder="请输入订单编号"]') 可见
INFO 日志名称 [2020-11-12 09:20:05,507] base_page.py -> line:53 查找元素：('xpath', '//input[@placeholder="请输入订单编号"]')
INFO 日志名称 [2020-11-12 09:20:05,641] base_page.py -> line:27 等待元素：('xpath', '//input[@placeholder="请输入订单编号"]') 可见
INFO 日志名称 [2020-11-12 09:20:06,679] base_page.py -> line:53 查找元素：('xpath', '//input[@placeholder="请输入订单编号"]')
INFO 日志名称 [2020-11-12 09:20:07,513] page_订单管理页.py -> line:26 --- 点击查询 ---
INFO 日志名称 [2020-11-12 09:20:07,513] base_page.py -> line:27 等待元素：('xpath', '//span[text()="查询"]/parent::button') 可见
INFO 日志名称 [2020-11-12 09:20:08,543] base_page.py -> line:53 查找元素：('xpath', '//span[text()="查询"]/parent::button')
INFO 日志名称 [2020-11-12 09:20:11,055] test_03_查询订单.py -> line:24 ========== 查询订单 测试用例执行结束 ==========
