INFO 日志名称 [2020-11-12 09:08:30,702] test_03_查询订单.py -> line:20 ========== 查询订单 测试用例开始执行 ==========
INFO 日志名称 [2020-11-12 09:08:34,468] base_page.py -> line:17 打开网址：http://47.93.37.55:81/#/login
INFO 日志名称 [2020-11-12 09:08:38,738] page_登录页.py -> line:47 --- 输入登录用户名: xxwbxln ---
INFO 日志名称 [2020-11-12 09:08:38,739] base_page.py -> line:27 等待元素：('xpath', '//input[@name="telephone"]') 可见
INFO 日志名称 [2020-11-12 09:08:39,779] base_page.py -> line:53 查找元素：('xpath', '//input[@name="telephone"]')
INFO 日志名称 [2020-11-12 09:08:39,863] page_登录页.py -> line:51 --- 输入登录密码: 123456 ---
INFO 日志名称 [2020-11-12 09:08:39,901] base_page.py -> line:27 等待元素：('xpath', '//input[@name="password"]') 可见
INFO 日志名称 [2020-11-12 09:08:40,957] base_page.py -> line:53 查找元素：('xpath', '//input[@name="password"]')
INFO 日志名称 [2020-11-12 09:08:41,126] page_登录页.py -> line:54 --- 等待手动输入验证码 ---
INFO 日志名称 [2020-11-12 09:08:51,126] page_登录页.py -> line:58 --- 点击登录按钮 ---
INFO 日志名称 [2020-11-12 09:08:51,126] base_page.py -> line:27 等待元素：('xpath', '//span[contains(text(),"立即登录")]/parent::button') 可见
INFO 日志名称 [2020-11-12 09:08:52,205] base_page.py -> line:53 查找元素：('xpath', '//span[contains(text(),"立即登录")]/parent::button')
INFO 日志名称 [2020-11-12 09:08:52,386] page_登录页.py -> line:60 --- 登录成功，进入首页 ---
INFO 日志名称 [2020-11-12 09:08:52,387] page_首页.py -> line:28 --- 点击供货管理 ---
INFO 日志名称 [2020-11-12 09:08:52,387] base_page.py -> line:27 等待元素：('xpath', '//span[text()="供货管理"]/parent::div') 可见
INFO 日志名称 [2020-11-12 09:08:54,461] base_page.py -> line:53 查找元素：('xpath', '//span[text()="供货管理"]/parent::div')
INFO 日志名称 [2020-11-12 09:08:54,596] page_首页.py -> line:34 --- 点击订单管理 ---
INFO 日志名称 [2020-11-12 09:08:54,597] base_page.py -> line:27 等待元素：('xpath', '//span[text()="订单管理"]/parent::li') 可见
INFO 日志名称 [2020-11-12 09:08:55,629] base_page.py -> line:53 查找元素：('xpath', '//span[text()="订单管理"]/parent::li')
INFO 日志名称 [2020-11-12 09:08:55,785] page_首页.py -> line:36 --- 进入订单管理页 ---
INFO 日志名称 [2020-11-12 09:08:55,785] page_订单管理页.py -> line:16 --- 输入订单id ---
INFO 日志名称 [2020-11-12 09:08:55,785] base_page.py -> line:27 等待元素：('xpath', '//input[@placeholder="请输入订单编号"]') 可见
INFO 日志名称 [2020-11-12 09:08:57,497] base_page.py -> line:53 查找元素：('xpath', '//input[@placeholder="请输入订单编号"]')
INFO 日志名称 [2020-11-12 09:08:57,608] base_page.py -> line:27 等待元素：('xpath', '//input[@placeholder="请输入订单编号"]') 可见
INFO 日志名称 [2020-11-12 09:08:58,626] base_page.py -> line:53 查找元素：('xpath', '//input[@placeholder="请输入订单编号"]')
INFO 日志名称 [2020-11-12 09:08:59,427] page_订单管理页.py -> line:21 --- 点击查询 ---
INFO 日志名称 [2020-11-12 09:08:59,428] base_page.py -> line:27 等待元素：('xpath', '//span[text()="查询"]/parent::button') 可见
INFO 日志名称 [2020-11-12 09:09:00,466] base_page.py -> line:53 查找元素：('xpath', '//span[text()="查询"]/parent::button')
INFO 日志名称 [2020-11-12 09:09:02,930] test_03_查询订单.py -> line:24 ========== 查询订单 测试用例执行结束 ==========
