INFO 日志名称 [2020-11-11 15:29:24,703] test_02_创建订单.py -> line:22 ========== 创建订单 测试用例开始执行 ==========
INFO 日志名称 [2020-11-11 15:29:28,303] base_page.py -> line:17 打开网址：http://47.93.37.55:81/#/login
INFO 日志名称 [2020-11-11 15:29:32,551] page_登录页.py -> line:47 --- 输入登录用户名: xxwbxln ---
INFO 日志名称 [2020-11-11 15:29:32,552] base_page.py -> line:27 等待元素：('xpath', '//input[@name="telephone"]') 可见
INFO 日志名称 [2020-11-11 15:29:33,587] base_page.py -> line:53 查找元素：('xpath', '//input[@name="telephone"]')
INFO 日志名称 [2020-11-11 15:29:33,669] page_登录页.py -> line:51 --- 输入登录密码: 123456 ---
INFO 日志名称 [2020-11-11 15:29:33,671] base_page.py -> line:27 等待元素：('xpath', '//input[@name="password"]') 可见
INFO 日志名称 [2020-11-11 15:29:34,695] base_page.py -> line:53 查找元素：('xpath', '//input[@name="password"]')
INFO 日志名称 [2020-11-11 15:29:34,812] page_登录页.py -> line:54 --- 等待手动输入验证码 ---
INFO 日志名称 [2020-11-11 15:29:44,812] page_登录页.py -> line:58 --- 点击登录按钮 ---
INFO 日志名称 [2020-11-11 15:29:44,812] base_page.py -> line:27 等待元素：('xpath', '//span[contains(text(),"立即登录")]/parent::button') 可见
INFO 日志名称 [2020-11-11 15:29:45,836] base_page.py -> line:53 查找元素：('xpath', '//span[contains(text(),"立即登录")]/parent::button')
INFO 日志名称 [2020-11-11 15:29:46,007] page_登录页.py -> line:60 --- 登录成功，进入首页 ---
INFO 日志名称 [2020-11-11 15:29:46,008] page_首页.py -> line:28 --- 点击供货管理 ---
INFO 日志名称 [2020-11-11 15:29:46,008] base_page.py -> line:27 等待元素：('xpath', '//span[text()="供货管理"]/parent::div') 可见
INFO 日志名称 [2020-11-11 15:29:48,080] base_page.py -> line:53 查找元素：('xpath', '//span[text()="供货管理"]/parent::div')
INFO 日志名称 [2020-11-11 15:29:48,231] page_首页.py -> line:34 --- 点击订单管理 ---
INFO 日志名称 [2020-11-11 15:29:48,232] base_page.py -> line:27 等待元素：('xpath', '//span[text()="订单管理"]/parent::li') 可见
INFO 日志名称 [2020-11-11 15:29:49,288] base_page.py -> line:53 查找元素：('xpath', '//span[text()="订单管理"]/parent::li')
INFO 日志名称 [2020-11-11 15:29:49,462] page_首页.py -> line:36 --- 进入订单管理页 ---
INFO 日志名称 [2020-11-11 15:29:49,463] page_订单管理页.py -> line:11 --- 点击创建订单按钮 ---
INFO 日志名称 [2020-11-11 15:29:49,464] base_page.py -> line:27 等待元素：('xpath', '//span[text()="创建"]/parent::button') 可见
INFO 日志名称 [2020-11-11 15:29:51,085] base_page.py -> line:53 查找元素：('xpath', '//span[text()="创建"]/parent::button')
INFO 日志名称 [2020-11-11 15:29:51,266] page_订单管理页.py -> line:13 --- 成功进入创建订单页面 ---
INFO 日志名称 [2020-11-11 15:29:51,266] page_创建订单页.py -> line:10 --- 选择采购类别：定价 ---
INFO 日志名称 [2020-11-11 15:29:51,266] base_page.py -> line:27 等待元素：('xpath', '//span/parent::label') 可见
INFO 日志名称 [2020-11-11 15:29:53,122] base_page.py -> line:69 查找元素：('xpath', '//span/parent::label')
INFO 日志名称 [2020-11-11 15:29:53,295] page_创建订单页.py -> line:23 --- 选择生产企业：天津市天重江天重工有限公司 ---
INFO 日志名称 [2020-11-11 15:29:53,297] base_page.py -> line:27 等待元素：('xpath', '//div[@class="zhe"]') 可见
INFO 日志名称 [2020-11-11 15:29:54,340] base_page.py -> line:53 查找元素：('xpath', '//div[@class="zhe"]')
INFO 日志名称 [2020-11-11 15:29:54,550] base_page.py -> line:27 等待元素：('xpath', '//tbody//tr/td[2]/div') 可见
INFO 日志名称 [2020-11-11 15:29:56,132] base_page.py -> line:69 查找元素：('xpath', '//tbody//tr/td[2]/div')
INFO 日志名称 [2020-11-11 15:29:56,477] page_创建订单页.py -> line:35 --- 选择生产企业后，点击确定 ---
INFO 日志名称 [2020-11-11 15:29:56,478] base_page.py -> line:27 等待元素：('xpath', '//span[text()="选择生产企业"]/parent::div/following-sibling::div//span[text()="确 定"]/parent::button') 可见
INFO 日志名称 [2020-11-11 15:29:57,500] base_page.py -> line:53 查找元素：('xpath', '//span[text()="选择生产企业"]/parent::div/following-sibling::div//span[text()="确 定"]/parent::button')
INFO 日志名称 [2020-11-11 15:29:57,687] base_page.py -> line:36 等待元素：('xpath', '//p[text()="请选择生产企业"]') 不可见
INFO 日志名称 [2020-11-11 15:29:58,711] page_创建订单页.py -> line:45 --- 选择生产企业成功 ---
INFO 日志名称 [2020-11-11 15:29:58,711] base_page.py -> line:27 等待元素：('xpath', '//span[contains(text(),"地址")]/following-sibling::div/input') 可见
INFO 日志名称 [2020-11-11 15:29:59,761] base_page.py -> line:53 查找元素：('xpath', '//span[contains(text(),"地址")]/following-sibling::div/input')
INFO 日志名称 [2020-11-11 15:29:59,830] base_page.py -> line:27 等待元素：('xpath', '//span[contains(text(),"地址")]/following-sibling::div/input') 可见
INFO 日志名称 [2020-11-11 15:30:00,849] base_page.py -> line:53 查找元素：('xpath', '//span[contains(text(),"地址")]/following-sibling::div/input')
INFO 日志名称 [2020-11-11 15:30:00,884] page_创建订单页.py -> line:58 --- 选择料型 ---
INFO 日志名称 [2020-11-11 15:30:00,885] base_page.py -> line:27 等待元素：('xpath', '//span[contains(text(),"料型")]/following-sibling::div//input') 可见
INFO 日志名称 [2020-11-11 15:30:01,909] base_page.py -> line:53 查找元素：('xpath', '//span[contains(text(),"料型")]/following-sibling::div//input')
INFO 日志名称 [2020-11-11 15:30:02,083] page_创建订单页.py -> line:60 --- 选择板料 ---
INFO 日志名称 [2020-11-11 15:30:02,083] base_page.py -> line:27 等待元素：('xpath', '//span[text()="板料"]') 可见
INFO 日志名称 [2020-11-11 15:30:03,665] base_page.py -> line:53 查找元素：('xpath', '//span[text()="板料"]')
INFO 日志名称 [2020-11-11 15:30:03,772] page_创建订单页.py -> line:62 --- 选择一级 ---
INFO 日志名称 [2020-11-11 15:30:03,772] base_page.py -> line:27 等待元素：('xpath', '//span[text()="一级"]') 可见
INFO 日志名称 [2020-11-11 15:30:04,793] base_page.py -> line:53 查找元素：('xpath', '//span[text()="一级"]')
INFO 日志名称 [2020-11-11 15:30:04,957] page_创建订单页.py -> line:66 --- 输入规格：规格描述信息 ---
INFO 日志名称 [2020-11-11 15:30:04,958] base_page.py -> line:27 等待元素：('xpath', '//span[contains(text(),"规格")]/following-sibling::div/input') 可见
INFO 日志名称 [2020-11-11 15:30:05,993] base_page.py -> line:53 查找元素：('xpath', '//span[contains(text(),"规格")]/following-sibling::div/input')
INFO 日志名称 [2020-11-11 15:30:06,146] page_创建订单页.py -> line:70 --- 输入销售单价：2000 ---
INFO 日志名称 [2020-11-11 15:30:06,146] base_page.py -> line:27 等待元素：('xpath', '//span[contains(text(),"销售单价")]/following-sibling::div/input') 可见
INFO 日志名称 [2020-11-11 15:30:07,174] base_page.py -> line:53 查找元素：('xpath', '//span[contains(text(),"销售单价")]/following-sibling::div/input')
INFO 日志名称 [2020-11-11 15:30:07,357] page_创建订单页.py -> line:74 --- 输入采购单价：1500 ---
INFO 日志名称 [2020-11-11 15:30:07,357] base_page.py -> line:27 等待元素：('xpath', '//span[contains(text(),"采购单价")]/following-sibling::div/input') 可见
INFO 日志名称 [2020-11-11 15:30:08,382] base_page.py -> line:53 查找元素：('xpath', '//span[contains(text(),"采购单价")]/following-sibling::div/input')
INFO 日志名称 [2020-11-11 15:30:08,520] page_创建订单页.py -> line:78 --- 输入采购数量：500 ---
INFO 日志名称 [2020-11-11 15:30:08,521] base_page.py -> line:27 等待元素：('xpath', '//span[contains(text(),"采购数量")]/following-sibling::div/input') 可见
INFO 日志名称 [2020-11-11 15:30:09,541] base_page.py -> line:53 查找元素：('xpath', '//span[contains(text(),"采购数量")]/following-sibling::div/input')
INFO 日志名称 [2020-11-11 15:30:09,686] page_创建订单页.py -> line:82 --- 输入结算周期：20 ---
INFO 日志名称 [2020-11-11 15:30:09,687] base_page.py -> line:27 等待元素：('xpath', '//span[contains(text(),"结算周期")]/following-sibling::div/input') 可见
INFO 日志名称 [2020-11-11 15:30:10,707] base_page.py -> line:53 查找元素：('xpath', '//span[contains(text(),"结算周期")]/following-sibling::div/input')
INFO 日志名称 [2020-11-11 15:30:10,839] page_创建订单页.py -> line:110 --- 输入说明：说明信息 ---
INFO 日志名称 [2020-11-11 15:30:10,840] base_page.py -> line:27 等待元素：('xpath', '//span[contains(text(),"说明")]/following-sibling::div/input') 可见
INFO 日志名称 [2020-11-11 15:30:11,862] base_page.py -> line:53 查找元素：('xpath', '//span[contains(text(),"说明")]/following-sibling::div/input')
INFO 日志名称 [2020-11-11 15:30:12,042] page_创建订单页.py -> line:86 --- 输入采购开始时间 ： 2020-11-11 12:00 ---
INFO 日志名称 [2020-11-11 15:30:12,043] base_page.py -> line:27 等待元素：('xpath', '//span[contains(text(),"发布时间")]/following-sibling::div/input') 可见
INFO 日志名称 [2020-11-11 15:30:13,064] base_page.py -> line:53 查找元素：('xpath', '//span[contains(text(),"发布时间")]/following-sibling::div/input')
INFO 日志名称 [2020-11-11 15:30:13,170] base_page.py -> line:27 等待元素：('xpath', '//input[@placeholder="选择日期"]') 可见
INFO 日志名称 [2020-11-11 15:30:14,197] base_page.py -> line:53 查找元素：('xpath', '//input[@placeholder="选择日期"]')
INFO 日志名称 [2020-11-11 15:30:14,293] base_page.py -> line:27 等待元素：('xpath', '//input[@placeholder="选择日期"]') 可见
INFO 日志名称 [2020-11-11 15:30:15,310] base_page.py -> line:53 查找元素：('xpath', '//input[@placeholder="选择日期"]')
INFO 日志名称 [2020-11-11 15:30:15,449] base_page.py -> line:27 等待元素：('xpath', '//input[@placeholder="选择时间"]') 可见
INFO 日志名称 [2020-11-11 15:30:16,474] base_page.py -> line:53 查找元素：('xpath', '//input[@placeholder="选择时间"]')
INFO 日志名称 [2020-11-11 15:30:16,593] base_page.py -> line:27 等待元素：('xpath', '//input[@placeholder="选择时间"]') 可见
INFO 日志名称 [2020-11-11 15:30:17,629] base_page.py -> line:53 查找元素：('xpath', '//input[@placeholder="选择时间"]')
INFO 日志名称 [2020-11-11 15:30:17,789] base_page.py -> line:27 等待元素：('xpath', '//button[contains(text(),"确定")]') 可见
INFO 日志名称 [2020-11-11 15:30:18,812] base_page.py -> line:53 查找元素：('xpath', '//button[contains(text(),"确定")]')
INFO 日志名称 [2020-11-11 15:30:18,962] base_page.py -> line:27 等待元素：('xpath', '//div[@x-placement="bottom-start"]//span[contains(text(),"确定")]/parent::button') 可见
ERROR 日志名称 [2020-11-11 15:30:39,027] base_page.py -> line:33 等待元素：('xpath', '//div[@x-placement="bottom-start"]//span[contains(text(),"确定")]/parent::button') 可见失败
Traceback (most recent call last):
  File "E:\XLN_WorkSpace\study_web_unit\pageobject\base_page.py", line 30, in wait_ele_visible
    wait.until(EC.visibility_of_element_located(loc))
  File "E:\my_install\anaconda\lib\site-packages\selenium\webdriver\support\wait.py", line 80, in until
    raise TimeoutException(message, screen, stacktrace)
selenium.common.exceptions.TimeoutException: Message: 

INFO 日志名称 [2020-11-11 15:30:41,373] test_02_创建订单.py -> line:26 ========== 创建订单 测试用例执行结束 ==========
